[0.482s] Invoking command in '/home/venator/matsyota/matsyota_ws/build/matsyota_simulator': CMAKE_PREFIX_PATH=${CMAKE_PREFIX_PATH}:/home/venator/turtlebot3_ws/install/turtlebot3_teleop:/home/venator/turtlebot3_ws/install/turtlebot3_example:/opt/ros/humble /usr/bin/cmake /home/venator/matsyota/matsyota_ws/src/matsyota_simulator -DAMENT_CMAKE_SYMLINK_INSTALL=1 -DCMAKE_INSTALL_PREFIX=/home/venator/matsyota/matsyota_ws/install/matsyota_simulator
[0.492s] -- Found ament_cmake: 1.3.12 (/opt/ros/humble/share/ament_cmake/cmake)
[0.595s] -- Override CMake install command with custom implementation using symlinks instead of copying resources
[0.606s] -- Found rclcpp: 16.0.14 (/opt/ros/humble/share/rclcpp/cmake)
[0.628s] -- Found rosidl_generator_c: 3.1.7 (/opt/ros/humble/share/rosidl_generator_c/cmake)
[0.633s] -- Found rosidl_adapter: 3.1.7 (/opt/ros/humble/share/rosidl_adapter/cmake)
[0.645s] -- Found rosidl_generator_cpp: 3.1.7 (/opt/ros/humble/share/rosidl_generator_cpp/cmake)
[0.654s] -- Using all available rosidl_typesupport_c: rosidl_typesupport_fastrtps_c;rosidl_typesupport_introspection_c
[0.665s] -- Using all available rosidl_typesupport_cpp: rosidl_typesupport_fastrtps_cpp;rosidl_typesupport_introspection_cpp
[0.707s] -- Found rmw_implementation_cmake: 6.1.2 (/opt/ros/humble/share/rmw_implementation_cmake/cmake)
[0.708s] -- Found rmw_fastrtps_cpp: 6.2.8 (/opt/ros/humble/share/rmw_fastrtps_cpp/cmake)
[0.804s] -- Using RMW implementation 'rmw_fastrtps_cpp' as default
[0.858s] -- Found gazebo_ros: 3.9.0 (/opt/ros/humble/share/gazebo_ros/cmake)
[0.881s] -- Found DART: /usr/include (Required is at least version "6.6") found components: dart 
[0.900s] -- Found Protobuf: /usr/lib/x86_64-linux-gnu/libprotobuf.so (found version "3.12.4") 
[0.901s] -- Looking for ignition-math6 -- found version 6.15.1
[0.904s] -- Searching for dependencies of ignition-math6
[0.905s] -- Looking for OGRE...
[0.910s] -- Found Ogre Ghadamon (1.9.0)
[0.911s] -- Found OGRE: optimized;/usr/lib/x86_64-linux-gnu/libOgreMain.so;debug;/usr/lib/x86_64-linux-gnu/libOgreMain.so
[0.919s] -- Looking for OGRE_Paging...
[0.919s] -- Found OGRE_Paging: optimized;/usr/lib/x86_64-linux-gnu/libOgrePaging.so;debug;/usr/lib/x86_64-linux-gnu/libOgrePaging.so
[0.919s] -- Looking for OGRE_Terrain...
[0.920s] -- Found OGRE_Terrain: optimized;/usr/lib/x86_64-linux-gnu/libOgreTerrain.so;debug;/usr/lib/x86_64-linux-gnu/libOgreTerrain.so
[0.920s] -- Looking for OGRE_Property...
[0.920s] -- Found OGRE_Property: optimized;/usr/lib/x86_64-linux-gnu/libOgreProperty.so;debug;/usr/lib/x86_64-linux-gnu/libOgreProperty.so
[0.920s] -- Looking for OGRE_RTShaderSystem...
[0.920s] -- Found OGRE_RTShaderSystem: optimized;/usr/lib/x86_64-linux-gnu/libOgreRTShaderSystem.so;debug;/usr/lib/x86_64-linux-gnu/libOgreRTShaderSystem.so
[0.920s] -- Looking for OGRE_Volume...
[0.920s] -- Found OGRE_Volume: optimized;/usr/lib/x86_64-linux-gnu/libOgreVolume.so;debug;/usr/lib/x86_64-linux-gnu/libOgreVolume.so
[0.920s] -- Looking for OGRE_Overlay...
[0.920s] -- Found OGRE_Overlay: optimized;/usr/lib/x86_64-linux-gnu/libOgreOverlay.so;debug;/usr/lib/x86_64-linux-gnu/libOgreOverlay.so
[1.025s] -- Looking for ignition-math6 -- found version 6.15.1
[1.026s] -- Looking for ignition-transport8 -- found version 8.2.1
[1.026s] -- Searching for dependencies of ignition-transport8
[1.040s] -- Found Protobuf: /usr/lib/x86_64-linux-gnu/libprotobuf.so (found suitable version "3.12.4", minimum required is "3") 
[1.049s] -- Config-file not installed for ZeroMQ -- checking for pkg-config
[1.053s] -- Checking for module 'libzmq >= 4'
[1.063s] --   Found libzmq , version 4.3.4
[1.089s] -- Checking for module 'uuid'
[1.097s] --   Found uuid, version 2.37.2
[1.120s] -- Looking for ignition-msgs5 -- found version 5.8.1
[1.120s] -- Searching for dependencies of ignition-msgs5
[1.135s] -- Looking for ignition-math6 -- found version 6.15.1
[1.139s] -- Checking for module 'tinyxml2'
[1.150s] --   Found tinyxml2, version 9.0.0
[1.174s] -- Looking for ignition-msgs5 -- found version 5.8.1
[1.174s] -- Looking for ignition-common3 -- found version 3.14.0
[1.174s] -- Searching for dependencies of ignition-common3
[1.174s] -- Looking for dlfcn.h - found
[1.174s] -- Looking for libdl - found
[1.183s] -- Searching for <ignition-common3> component [graphics]
[1.183s] -- Looking for ignition-common3-graphics -- found version 3.14.0
[1.184s] -- Searching for dependencies of ignition-common3-graphics
[1.184s] -- Looking for ignition-math6 -- found version 6.15.1
[1.185s] -- Looking for ignition-fuel_tools4 -- found version 4.4.0
[1.185s] -- Searching for dependencies of ignition-fuel_tools4
[1.221s] -- Checking for module 'jsoncpp'
[1.231s] --   Found jsoncpp, version 1.9.5
[1.257s] -- Checking for module 'libzip'
[1.266s] --   Found libzip, version 1.7.3
[1.287s] -- Looking for ignition-common3 -- found version 3.14.0
[1.287s] -- Looking for ignition-math6 -- found version 6.15.1
[1.287s] -- Looking for ignition-msgs5 -- found version 5.8.1
[1.288s] -- Gazebo version: 11.10
[1.289s] -- Found robot_state_publisher: 3.0.3 (/opt/ros/humble/share/robot_state_publisher/cmake)
[1.300s] -- Found eigen3_cmake_module: 0.1.1 (/opt/ros/humble/share/eigen3_cmake_module/cmake)
[1.301s] -- Ensuring Eigen3 include directory is part of orocos-kdl CMake target
[1.389s] -- Found xacro: 2.1.1 (/opt/ros/humble/share/xacro/cmake)
[1.389s] -- Found ament_lint_auto: 0.12.14 (/opt/ros/humble/share/ament_lint_auto/cmake)
[1.494s] -- Added test 'lint_cmake' to check CMake code style
[1.496s] -- Added test 'xmllint' to check XML markup files
[1.504s] -- Configuring done
[1.526s] -- Generating done
[1.529s] -- Build files have been written to: /home/venator/matsyota/matsyota_ws/build/matsyota_simulator
[1.583s] Invoked command in '/home/venator/matsyota/matsyota_ws/build/matsyota_simulator' returned '0': CMAKE_PREFIX_PATH=${CMAKE_PREFIX_PATH}:/home/venator/turtlebot3_ws/install/turtlebot3_teleop:/home/venator/turtlebot3_ws/install/turtlebot3_example:/opt/ros/humble /usr/bin/cmake /home/venator/matsyota/matsyota_ws/src/matsyota_simulator -DAMENT_CMAKE_SYMLINK_INSTALL=1 -DCMAKE_INSTALL_PREFIX=/home/venator/matsyota/matsyota_ws/install/matsyota_simulator
[1.583s] Invoking command in '/home/venator/matsyota/matsyota_ws/build/matsyota_simulator': CMAKE_PREFIX_PATH=${CMAKE_PREFIX_PATH}:/home/venator/turtlebot3_ws/install/turtlebot3_teleop:/home/venator/turtlebot3_ws/install/turtlebot3_example:/opt/ros/humble /usr/bin/cmake --build /home/venator/matsyota/matsyota_ws/build/matsyota_simulator -- -j6 -l6
[1.626s] Invoked command in '/home/venator/matsyota/matsyota_ws/build/matsyota_simulator' returned '0': CMAKE_PREFIX_PATH=${CMAKE_PREFIX_PATH}:/home/venator/turtlebot3_ws/install/turtlebot3_teleop:/home/venator/turtlebot3_ws/install/turtlebot3_example:/opt/ros/humble /usr/bin/cmake --build /home/venator/matsyota/matsyota_ws/build/matsyota_simulator -- -j6 -l6
[1.638s] Invoking command in '/home/venator/matsyota/matsyota_ws/build/matsyota_simulator': CMAKE_PREFIX_PATH=${CMAKE_PREFIX_PATH}:/home/venator/turtlebot3_ws/install/turtlebot3_teleop:/home/venator/turtlebot3_ws/install/turtlebot3_example:/opt/ros/humble /usr/bin/cmake --install /home/venator/matsyota/matsyota_ws/build/matsyota_simulator
[1.644s] -- Install configuration: ""
[1.644s] -- Execute custom install script
[1.644s] -- Symlinking: /home/venator/matsyota/matsyota_ws/install/matsyota_simulator/share/ament_index/resource_index/package_run_dependencies/matsyota_simulator
[1.651s] -- Symlinking: /home/venator/matsyota/matsyota_ws/install/matsyota_simulator/share/ament_index/resource_index/parent_prefix_path/matsyota_simulator
[1.658s] -- Symlinking: /home/venator/matsyota/matsyota_ws/install/matsyota_simulator/share/matsyota_simulator/environment/ament_prefix_path.sh
[1.665s] -- Symlinking: /home/venator/matsyota/matsyota_ws/install/matsyota_simulator/share/matsyota_simulator/environment/ament_prefix_path.dsv
[1.672s] -- Symlinking: /home/venator/matsyota/matsyota_ws/install/matsyota_simulator/share/matsyota_simulator/environment/path.sh
[1.681s] -- Symlinking: /home/venator/matsyota/matsyota_ws/install/matsyota_simulator/share/matsyota_simulator/environment/path.dsv
[1.685s] -- Symlinking: /home/venator/matsyota/matsyota_ws/install/matsyota_simulator/share/matsyota_simulator/local_setup.bash
[1.692s] -- Symlinking: /home/venator/matsyota/matsyota_ws/install/matsyota_simulator/share/matsyota_simulator/local_setup.sh
[1.698s] -- Symlinking: /home/venator/matsyota/matsyota_ws/install/matsyota_simulator/share/matsyota_simulator/local_setup.zsh
[1.706s] -- Symlinking: /home/venator/matsyota/matsyota_ws/install/matsyota_simulator/share/matsyota_simulator/local_setup.dsv
[1.714s] -- Symlinking: /home/venator/matsyota/matsyota_ws/install/matsyota_simulator/share/matsyota_simulator/package.dsv
[1.725s] -- Symlinking: /home/venator/matsyota/matsyota_ws/install/matsyota_simulator/share/ament_index/resource_index/packages/matsyota_simulator
[1.731s] -- Symlinking: /home/venator/matsyota/matsyota_ws/install/matsyota_simulator/share/matsyota_simulator/cmake/matsyota_simulatorConfig.cmake
[1.738s] -- Symlinking: /home/venator/matsyota/matsyota_ws/install/matsyota_simulator/share/matsyota_simulator/cmake/matsyota_simulatorConfig-version.cmake
[1.744s] -- Symlinking: /home/venator/matsyota/matsyota_ws/install/matsyota_simulator/share/matsyota_simulator/package.xml
[1.755s] Invoked command in '/home/venator/matsyota/matsyota_ws/build/matsyota_simulator' returned '0': CMAKE_PREFIX_PATH=${CMAKE_PREFIX_PATH}:/home/venator/turtlebot3_ws/install/turtlebot3_teleop:/home/venator/turtlebot3_ws/install/turtlebot3_example:/opt/ros/humble /usr/bin/cmake --install /home/venator/matsyota/matsyota_ws/build/matsyota_simulator
