running develop
running egg_info
creating matsyota_controller.egg-info
writing matsyota_controller.egg-info/PKG-INFO
writing dependency_links to matsyota_controller.egg-info/dependency_links.txt
writing entry points to matsyota_controller.egg-info/entry_points.txt
writing requirements to matsyota_controller.egg-info/requires.txt
writing top-level names to matsyota_controller.egg-info/top_level.txt
writing manifest file 'matsyota_controller.egg-info/SOURCES.txt'
reading manifest file 'matsyota_controller.egg-info/SOURCES.txt'
writing manifest file 'matsyota_controller.egg-info/SOURCES.txt'
running build_ext
Creating /home/venator/matsyota/matsyota_ws/install/matsyota_controller/lib/python3.10/site-packages/matsyota-controller.egg-link (link to .)
Installing feed_dispersion_mapper script to /home/venator/matsyota/matsyota_ws/install/matsyota_controller/lib/matsyota_controller
Installing matsyota_commander script to /home/venator/matsyota/matsyota_ws/install/matsyota_controller/lib/matsyota_controller

Installed /home/venator/matsyota/matsyota_ws/build/matsyota_controller
running symlink_data
creating /home/venator/matsyota/matsyota_ws/install/matsyota_controller/share/ament_index
creating /home/venator/matsyota/matsyota_ws/install/matsyota_controller/share/ament_index/resource_index
creating /home/venator/matsyota/matsyota_ws/install/matsyota_controller/share/ament_index/resource_index/packages
symbolically linking /home/venator/matsyota/matsyota_ws/build/matsyota_controller/resource/matsyota_controller -> /home/venator/matsyota/matsyota_ws/install/matsyota_controller/share/ament_index/resource_index/packages
symbolically linking /home/venator/matsyota/matsyota_ws/build/matsyota_controller/package.xml -> /home/venator/matsyota/matsyota_ws/install/matsyota_controller/share/matsyota_controller
