[0.072s] DEBUG:colcon:Command line arguments: ['/usr/bin/colcon', 'build']
[0.072s] DEBUG:colcon:Parsed command line arguments: Namespace(log_base=None, log_level=None, verb_name='build', build_base='build', install_base='install', merge_install=False, symlink_install=False, test_result_base=None, continue_on_error=False, executor='parallel', parallel_workers=6, event_handlers=None, ignore_user_meta=False, metas=['./colcon.meta'], base_paths=['.'], packages_ignore=None, packages_ignore_regex=None, paths=None, packages_up_to=None, packages_up_to_regex=None, packages_above=None, packages_above_and_dependencies=None, packages_above_depth=None, packages_select_by_dep=None, packages_skip_by_dep=None, packages_skip_up_to=None, packages_select_build_failed=False, packages_skip_build_finished=False, packages_select_test_failures=False, packages_skip_test_passed=False, packages_select=None, packages_skip=None, packages_select_regex=None, packages_skip_regex=None, packages_start=None, packages_end=None, allow_overriding=[], cmake_args=None, cmake_target=None, cmake_target_skip_unavailable=False, cmake_clean_cache=False, cmake_clean_first=False, cmake_force_configure=False, ament_cmake_args=None, catkin_cmake_args=None, catkin_skip_building_tests=False, mixin_files=None, mixin=None, verb_parser=<colcon_mixin.mixin.mixin_argument.MixinArgumentDecorator object at 0x7c098fb7d900>, verb_extension=<colcon_core.verb.build.BuildVerb object at 0x7c098fb02fb0>, main=<bound method BuildVerb.main of <colcon_core.verb.build.BuildVerb object at 0x7c098fb02fb0>>, mixin_verb=('build',))
[0.188s] Level 1:colcon.colcon_core.package_discovery:discover_packages(colcon_meta) check parameters
[0.188s] Level 1:colcon.colcon_core.package_discovery:discover_packages(recursive) check parameters
[0.188s] Level 1:colcon.colcon_core.package_discovery:discover_packages(ignore) check parameters
[0.188s] Level 1:colcon.colcon_core.package_discovery:discover_packages(path) check parameters
[0.188s] Level 1:colcon.colcon_core.package_discovery:discover_packages(colcon_meta) discover
[0.188s] Level 1:colcon.colcon_core.package_discovery:discover_packages(recursive) discover
[0.188s] INFO:colcon.colcon_core.package_discovery:Crawling recursively for packages in '/home/venator/matsyota'
[0.188s] Level 1:colcon.colcon_core.package_identification:_identify(.) by extensions ['ignore', 'ignore_ament_install']
[0.188s] Level 1:colcon.colcon_core.package_identification:_identify(.) by extension 'ignore'
[0.188s] Level 1:colcon.colcon_core.package_identification:_identify(.) by extension 'ignore_ament_install'
[0.188s] Level 1:colcon.colcon_core.package_identification:_identify(.) by extensions ['colcon_pkg']
[0.188s] Level 1:colcon.colcon_core.package_identification:_identify(.) by extension 'colcon_pkg'
[0.188s] Level 1:colcon.colcon_core.package_identification:_identify(.) by extensions ['colcon_meta']
[0.188s] Level 1:colcon.colcon_core.package_identification:_identify(.) by extension 'colcon_meta'
[0.188s] Level 1:colcon.colcon_core.package_identification:_identify(.) by extensions ['ros']
[0.188s] Level 1:colcon.colcon_core.package_identification:_identify(.) by extension 'ros'
[0.203s] Level 1:colcon.colcon_core.package_identification:_identify(.) by extensions ['cmake', 'python']
[0.203s] Level 1:colcon.colcon_core.package_identification:_identify(.) by extension 'cmake'
[0.203s] Level 1:colcon.colcon_core.package_identification:_identify(.) by extension 'python'
[0.203s] Level 1:colcon.colcon_core.package_identification:_identify(.) by extensions ['python_setup_py']
[0.203s] Level 1:colcon.colcon_core.package_identification:_identify(.) by extension 'python_setup_py'
[0.203s] Level 1:colcon.colcon_core.package_identification:_identify(build) by extensions ['ignore', 'ignore_ament_install']
[0.203s] Level 1:colcon.colcon_core.package_identification:_identify(build) by extension 'ignore'
[0.203s] Level 1:colcon.colcon_core.package_identification:_identify(build) ignored
[0.204s] Level 1:colcon.colcon_core.package_identification:_identify(install) by extensions ['ignore', 'ignore_ament_install']
[0.204s] Level 1:colcon.colcon_core.package_identification:_identify(install) by extension 'ignore'
[0.204s] Level 1:colcon.colcon_core.package_identification:_identify(install) ignored
[0.204s] Level 1:colcon.colcon_core.package_identification:_identify(log) by extensions ['ignore', 'ignore_ament_install']
[0.204s] Level 1:colcon.colcon_core.package_identification:_identify(log) by extension 'ignore'
[0.204s] Level 1:colcon.colcon_core.package_identification:_identify(log) ignored
[0.204s] Level 1:colcon.colcon_core.package_identification:_identify(matsyota_ws) by extensions ['ignore', 'ignore_ament_install']
[0.204s] Level 1:colcon.colcon_core.package_identification:_identify(matsyota_ws) by extension 'ignore'
[0.204s] Level 1:colcon.colcon_core.package_identification:_identify(matsyota_ws) by extension 'ignore_ament_install'
[0.204s] Level 1:colcon.colcon_core.package_identification:_identify(matsyota_ws) by extensions ['colcon_pkg']
[0.204s] Level 1:colcon.colcon_core.package_identification:_identify(matsyota_ws) by extension 'colcon_pkg'
[0.204s] Level 1:colcon.colcon_core.package_identification:_identify(matsyota_ws) by extensions ['colcon_meta']
[0.204s] Level 1:colcon.colcon_core.package_identification:_identify(matsyota_ws) by extension 'colcon_meta'
[0.204s] Level 1:colcon.colcon_core.package_identification:_identify(matsyota_ws) by extensions ['ros']
[0.204s] Level 1:colcon.colcon_core.package_identification:_identify(matsyota_ws) by extension 'ros'
[0.204s] Level 1:colcon.colcon_core.package_identification:_identify(matsyota_ws) by extensions ['cmake', 'python']
[0.204s] Level 1:colcon.colcon_core.package_identification:_identify(matsyota_ws) by extension 'cmake'
[0.204s] Level 1:colcon.colcon_core.package_identification:_identify(matsyota_ws) by extension 'python'
[0.204s] Level 1:colcon.colcon_core.package_identification:_identify(matsyota_ws) by extensions ['python_setup_py']
[0.204s] Level 1:colcon.colcon_core.package_identification:_identify(matsyota_ws) by extension 'python_setup_py'
[0.204s] Level 1:colcon.colcon_core.package_identification:_identify(matsyota_ws/log) by extensions ['ignore', 'ignore_ament_install']
[0.204s] Level 1:colcon.colcon_core.package_identification:_identify(matsyota_ws/log) by extension 'ignore'
[0.204s] Level 1:colcon.colcon_core.package_identification:_identify(matsyota_ws/log) ignored
[0.204s] Level 1:colcon.colcon_core.package_identification:_identify(matsyota_ws/src) by extensions ['ignore', 'ignore_ament_install']
[0.204s] Level 1:colcon.colcon_core.package_identification:_identify(matsyota_ws/src) by extension 'ignore'
[0.204s] Level 1:colcon.colcon_core.package_identification:_identify(matsyota_ws/src) by extension 'ignore_ament_install'
[0.204s] Level 1:colcon.colcon_core.package_identification:_identify(matsyota_ws/src) by extensions ['colcon_pkg']
[0.204s] Level 1:colcon.colcon_core.package_identification:_identify(matsyota_ws/src) by extension 'colcon_pkg'
[0.205s] Level 1:colcon.colcon_core.package_identification:_identify(matsyota_ws/src) by extensions ['colcon_meta']
[0.205s] Level 1:colcon.colcon_core.package_identification:_identify(matsyota_ws/src) by extension 'colcon_meta'
[0.205s] Level 1:colcon.colcon_core.package_identification:_identify(matsyota_ws/src) by extensions ['ros']
[0.205s] Level 1:colcon.colcon_core.package_identification:_identify(matsyota_ws/src) by extension 'ros'
[0.205s] Level 1:colcon.colcon_core.package_identification:_identify(matsyota_ws/src) by extensions ['cmake', 'python']
[0.205s] Level 1:colcon.colcon_core.package_identification:_identify(matsyota_ws/src) by extension 'cmake'
[0.205s] Level 1:colcon.colcon_core.package_identification:_identify(matsyota_ws/src) by extension 'python'
[0.205s] Level 1:colcon.colcon_core.package_identification:_identify(matsyota_ws/src) by extensions ['python_setup_py']
[0.205s] Level 1:colcon.colcon_core.package_identification:_identify(matsyota_ws/src) by extension 'python_setup_py'
[0.205s] Level 1:colcon.colcon_core.package_identification:_identify(matsyota_ws/src/matsyota_agent) by extensions ['ignore', 'ignore_ament_install']
[0.205s] Level 1:colcon.colcon_core.package_identification:_identify(matsyota_ws/src/matsyota_agent) by extension 'ignore'
[0.205s] Level 1:colcon.colcon_core.package_identification:_identify(matsyota_ws/src/matsyota_agent) by extension 'ignore_ament_install'
[0.205s] Level 1:colcon.colcon_core.package_identification:_identify(matsyota_ws/src/matsyota_agent) by extensions ['colcon_pkg']
[0.205s] Level 1:colcon.colcon_core.package_identification:_identify(matsyota_ws/src/matsyota_agent) by extension 'colcon_pkg'
[0.205s] Level 1:colcon.colcon_core.package_identification:_identify(matsyota_ws/src/matsyota_agent) by extensions ['colcon_meta']
[0.205s] Level 1:colcon.colcon_core.package_identification:_identify(matsyota_ws/src/matsyota_agent) by extension 'colcon_meta'
[0.205s] Level 1:colcon.colcon_core.package_identification:_identify(matsyota_ws/src/matsyota_agent) by extensions ['ros']
[0.205s] Level 1:colcon.colcon_core.package_identification:_identify(matsyota_ws/src/matsyota_agent) by extension 'ros'
[0.207s] DEBUG:colcon.colcon_core.package_identification:Package 'matsyota_ws/src/matsyota_agent' with type 'ros.ament_python' and name 'matsyota_agent'
[0.207s] Level 1:colcon.colcon_core.package_identification:_identify(matsyota_ws/src/matsyota_controller) by extensions ['ignore', 'ignore_ament_install']
[0.207s] Level 1:colcon.colcon_core.package_identification:_identify(matsyota_ws/src/matsyota_controller) by extension 'ignore'
[0.207s] Level 1:colcon.colcon_core.package_identification:_identify(matsyota_ws/src/matsyota_controller) by extension 'ignore_ament_install'
[0.207s] Level 1:colcon.colcon_core.package_identification:_identify(matsyota_ws/src/matsyota_controller) by extensions ['colcon_pkg']
[0.207s] Level 1:colcon.colcon_core.package_identification:_identify(matsyota_ws/src/matsyota_controller) by extension 'colcon_pkg'
[0.207s] Level 1:colcon.colcon_core.package_identification:_identify(matsyota_ws/src/matsyota_controller) by extensions ['colcon_meta']
[0.207s] Level 1:colcon.colcon_core.package_identification:_identify(matsyota_ws/src/matsyota_controller) by extension 'colcon_meta'
[0.207s] Level 1:colcon.colcon_core.package_identification:_identify(matsyota_ws/src/matsyota_controller) by extensions ['ros']
[0.207s] Level 1:colcon.colcon_core.package_identification:_identify(matsyota_ws/src/matsyota_controller) by extension 'ros'
[0.208s] DEBUG:colcon.colcon_core.package_identification:Package 'matsyota_ws/src/matsyota_controller' with type 'ros.ament_python' and name 'matsyota_controller'
[0.208s] Level 1:colcon.colcon_core.package_identification:_identify(matsyota_ws/src/matsyota_simulator) by extensions ['ignore', 'ignore_ament_install']
[0.208s] Level 1:colcon.colcon_core.package_identification:_identify(matsyota_ws/src/matsyota_simulator) by extension 'ignore'
[0.208s] Level 1:colcon.colcon_core.package_identification:_identify(matsyota_ws/src/matsyota_simulator) by extension 'ignore_ament_install'
[0.208s] Level 1:colcon.colcon_core.package_identification:_identify(matsyota_ws/src/matsyota_simulator) by extensions ['colcon_pkg']
[0.208s] Level 1:colcon.colcon_core.package_identification:_identify(matsyota_ws/src/matsyota_simulator) by extension 'colcon_pkg'
[0.208s] Level 1:colcon.colcon_core.package_identification:_identify(matsyota_ws/src/matsyota_simulator) by extensions ['colcon_meta']
[0.208s] Level 1:colcon.colcon_core.package_identification:_identify(matsyota_ws/src/matsyota_simulator) by extension 'colcon_meta'
[0.208s] Level 1:colcon.colcon_core.package_identification:_identify(matsyota_ws/src/matsyota_simulator) by extensions ['ros']
[0.208s] Level 1:colcon.colcon_core.package_identification:_identify(matsyota_ws/src/matsyota_simulator) by extension 'ros'
[0.209s] DEBUG:colcon.colcon_core.package_identification:Package 'matsyota_ws/src/matsyota_simulator' with type 'ros.ament_cmake' and name 'matsyota_simulator'
[0.209s] Level 1:colcon.colcon_core.package_discovery:discover_packages(recursive) using defaults
[0.209s] Level 1:colcon.colcon_core.package_discovery:discover_packages(ignore) discover
[0.209s] Level 1:colcon.colcon_core.package_discovery:discover_packages(ignore) using defaults
[0.209s] Level 1:colcon.colcon_core.package_discovery:discover_packages(path) discover
[0.209s] Level 1:colcon.colcon_core.package_discovery:discover_packages(path) using defaults
[0.224s] Level 1:colcon.colcon_core.package_discovery:discover_packages(prefix_path) check parameters
[0.224s] Level 1:colcon.colcon_core.package_discovery:discover_packages(prefix_path) discover
[0.225s] DEBUG:colcon.colcon_installed_package_information.package_discovery:Found 16 installed packages in /home/venator/turtlebot3_ws/install
[0.226s] DEBUG:colcon.colcon_installed_package_information.package_discovery:Found 423 installed packages in /opt/ros/humble
[0.228s] Level 1:colcon.colcon_core.package_discovery:discover_packages(prefix_path) using defaults
[0.261s] Level 5:colcon.colcon_core.verb:set package 'matsyota_agent' build argument 'cmake_args' from command line to 'None'
[0.261s] Level 5:colcon.colcon_core.verb:set package 'matsyota_agent' build argument 'cmake_target' from command line to 'None'
[0.261s] Level 5:colcon.colcon_core.verb:set package 'matsyota_agent' build argument 'cmake_target_skip_unavailable' from command line to 'False'
[0.261s] Level 5:colcon.colcon_core.verb:set package 'matsyota_agent' build argument 'cmake_clean_cache' from command line to 'False'
[0.261s] Level 5:colcon.colcon_core.verb:set package 'matsyota_agent' build argument 'cmake_clean_first' from command line to 'False'
[0.261s] Level 5:colcon.colcon_core.verb:set package 'matsyota_agent' build argument 'cmake_force_configure' from command line to 'False'
[0.261s] Level 5:colcon.colcon_core.verb:set package 'matsyota_agent' build argument 'ament_cmake_args' from command line to 'None'
[0.261s] Level 5:colcon.colcon_core.verb:set package 'matsyota_agent' build argument 'catkin_cmake_args' from command line to 'None'
[0.261s] Level 5:colcon.colcon_core.verb:set package 'matsyota_agent' build argument 'catkin_skip_building_tests' from command line to 'False'
[0.261s] DEBUG:colcon.colcon_core.verb:Building package 'matsyota_agent' with the following arguments: {'ament_cmake_args': None, 'build_base': '/home/venator/matsyota/build/matsyota_agent', 'catkin_cmake_args': None, 'catkin_skip_building_tests': False, 'cmake_args': None, 'cmake_clean_cache': False, 'cmake_clean_first': False, 'cmake_force_configure': False, 'cmake_target': None, 'cmake_target_skip_unavailable': False, 'install_base': '/home/venator/matsyota/install/matsyota_agent', 'merge_install': False, 'path': '/home/venator/matsyota/matsyota_ws/src/matsyota_agent', 'symlink_install': False, 'test_result_base': None}
[0.261s] Level 5:colcon.colcon_core.verb:set package 'matsyota_controller' build argument 'cmake_args' from command line to 'None'
[0.261s] Level 5:colcon.colcon_core.verb:set package 'matsyota_controller' build argument 'cmake_target' from command line to 'None'
[0.261s] Level 5:colcon.colcon_core.verb:set package 'matsyota_controller' build argument 'cmake_target_skip_unavailable' from command line to 'False'
[0.261s] Level 5:colcon.colcon_core.verb:set package 'matsyota_controller' build argument 'cmake_clean_cache' from command line to 'False'
[0.261s] Level 5:colcon.colcon_core.verb:set package 'matsyota_controller' build argument 'cmake_clean_first' from command line to 'False'
[0.261s] Level 5:colcon.colcon_core.verb:set package 'matsyota_controller' build argument 'cmake_force_configure' from command line to 'False'
[0.261s] Level 5:colcon.colcon_core.verb:set package 'matsyota_controller' build argument 'ament_cmake_args' from command line to 'None'
[0.261s] Level 5:colcon.colcon_core.verb:set package 'matsyota_controller' build argument 'catkin_cmake_args' from command line to 'None'
[0.261s] Level 5:colcon.colcon_core.verb:set package 'matsyota_controller' build argument 'catkin_skip_building_tests' from command line to 'False'
[0.262s] DEBUG:colcon.colcon_core.verb:Building package 'matsyota_controller' with the following arguments: {'ament_cmake_args': None, 'build_base': '/home/venator/matsyota/build/matsyota_controller', 'catkin_cmake_args': None, 'catkin_skip_building_tests': False, 'cmake_args': None, 'cmake_clean_cache': False, 'cmake_clean_first': False, 'cmake_force_configure': False, 'cmake_target': None, 'cmake_target_skip_unavailable': False, 'install_base': '/home/venator/matsyota/install/matsyota_controller', 'merge_install': False, 'path': '/home/venator/matsyota/matsyota_ws/src/matsyota_controller', 'symlink_install': False, 'test_result_base': None}
[0.262s] Level 5:colcon.colcon_core.verb:set package 'matsyota_simulator' build argument 'cmake_args' from command line to 'None'
[0.262s] Level 5:colcon.colcon_core.verb:set package 'matsyota_simulator' build argument 'cmake_target' from command line to 'None'
[0.262s] Level 5:colcon.colcon_core.verb:set package 'matsyota_simulator' build argument 'cmake_target_skip_unavailable' from command line to 'False'
[0.262s] Level 5:colcon.colcon_core.verb:set package 'matsyota_simulator' build argument 'cmake_clean_cache' from command line to 'False'
[0.262s] Level 5:colcon.colcon_core.verb:set package 'matsyota_simulator' build argument 'cmake_clean_first' from command line to 'False'
[0.262s] Level 5:colcon.colcon_core.verb:set package 'matsyota_simulator' build argument 'cmake_force_configure' from command line to 'False'
[0.262s] Level 5:colcon.colcon_core.verb:set package 'matsyota_simulator' build argument 'ament_cmake_args' from command line to 'None'
[0.262s] Level 5:colcon.colcon_core.verb:set package 'matsyota_simulator' build argument 'catkin_cmake_args' from command line to 'None'
[0.262s] Level 5:colcon.colcon_core.verb:set package 'matsyota_simulator' build argument 'catkin_skip_building_tests' from command line to 'False'
[0.262s] DEBUG:colcon.colcon_core.verb:Building package 'matsyota_simulator' with the following arguments: {'ament_cmake_args': None, 'build_base': '/home/venator/matsyota/build/matsyota_simulator', 'catkin_cmake_args': None, 'catkin_skip_building_tests': False, 'cmake_args': None, 'cmake_clean_cache': False, 'cmake_clean_first': False, 'cmake_force_configure': False, 'cmake_target': None, 'cmake_target_skip_unavailable': False, 'install_base': '/home/venator/matsyota/install/matsyota_simulator', 'merge_install': False, 'path': '/home/venator/matsyota/matsyota_ws/src/matsyota_simulator', 'symlink_install': False, 'test_result_base': None}
[0.262s] INFO:colcon.colcon_core.executor:Executing jobs using 'parallel' executor
[0.263s] DEBUG:colcon.colcon_parallel_executor.executor.parallel:run_until_complete
[0.263s] INFO:colcon.colcon_ros.task.ament_python.build:Building ROS package in '/home/venator/matsyota/matsyota_ws/src/matsyota_agent' with build type 'ament_python'
[0.263s] Level 1:colcon.colcon_core.shell:create_environment_hook('matsyota_agent', 'ament_prefix_path')
[0.264s] INFO:colcon.colcon_core.plugin_system:Skipping extension 'colcon_core.shell.bat': Not used on non-Windows systems
[0.265s] INFO:colcon.colcon_core.shell:Creating environment hook '/home/venator/matsyota/install/matsyota_agent/share/matsyota_agent/hook/ament_prefix_path.ps1'
[0.265s] INFO:colcon.colcon_core.shell:Creating environment descriptor '/home/venator/matsyota/install/matsyota_agent/share/matsyota_agent/hook/ament_prefix_path.dsv'
[0.265s] INFO:colcon.colcon_core.shell:Creating environment hook '/home/venator/matsyota/install/matsyota_agent/share/matsyota_agent/hook/ament_prefix_path.sh'
[0.266s] INFO:colcon.colcon_core.shell:Skip shell extension 'powershell' for command environment: Not usable outside of PowerShell
[0.266s] DEBUG:colcon.colcon_core.shell:Skip shell extension 'dsv' for command environment
[0.269s] INFO:colcon.colcon_ros.task.ament_python.build:Building ROS package in '/home/venator/matsyota/matsyota_ws/src/matsyota_controller' with build type 'ament_python'
[0.269s] Level 1:colcon.colcon_core.shell:create_environment_hook('matsyota_controller', 'ament_prefix_path')
[0.269s] INFO:colcon.colcon_core.shell:Creating environment hook '/home/venator/matsyota/install/matsyota_controller/share/matsyota_controller/hook/ament_prefix_path.ps1'
[0.270s] INFO:colcon.colcon_core.shell:Creating environment descriptor '/home/venator/matsyota/install/matsyota_controller/share/matsyota_controller/hook/ament_prefix_path.dsv'
[0.270s] INFO:colcon.colcon_core.shell:Creating environment hook '/home/venator/matsyota/install/matsyota_controller/share/matsyota_controller/hook/ament_prefix_path.sh'
[0.271s] INFO:colcon.colcon_core.shell:Skip shell extension 'powershell' for command environment: Not usable outside of PowerShell
[0.271s] DEBUG:colcon.colcon_core.shell:Skip shell extension 'dsv' for command environment
[0.273s] INFO:colcon.colcon_ros.task.ament_cmake.build:Building ROS package in '/home/venator/matsyota/matsyota_ws/src/matsyota_simulator' with build type 'ament_cmake'
[0.273s] INFO:colcon.colcon_cmake.task.cmake.build:Building CMake package in '/home/venator/matsyota/matsyota_ws/src/matsyota_simulator'
[0.274s] INFO:colcon.colcon_core.shell:Skip shell extension 'powershell' for command environment: Not usable outside of PowerShell
[0.274s] DEBUG:colcon.colcon_core.shell:Skip shell extension 'dsv' for command environment
[0.467s] INFO:colcon.colcon_core.task.python.build:Building Python package in '/home/venator/matsyota/matsyota_ws/src/matsyota_agent'
[0.468s] INFO:colcon.colcon_core.shell:Skip shell extension 'powershell' for command environment: Not usable outside of PowerShell
[0.468s] DEBUG:colcon.colcon_core.shell:Skip shell extension 'dsv' for command environment
[0.678s] INFO:colcon.colcon_core.task.python.build:Building Python package in '/home/venator/matsyota/matsyota_ws/src/matsyota_controller'
[0.679s] INFO:colcon.colcon_core.shell:Skip shell extension 'powershell' for command environment: Not usable outside of PowerShell
[0.679s] DEBUG:colcon.colcon_core.shell:Skip shell extension 'dsv' for command environment
[0.686s] DEBUG:colcon.colcon_core.event_handler.log_command:Invoking command in '/home/venator/matsyota/build/matsyota_simulator': CMAKE_PREFIX_PATH=${CMAKE_PREFIX_PATH}:/home/venator/turtlebot3_ws/install/turtlebot3_teleop:/home/venator/turtlebot3_ws/install/turtlebot3_example:/opt/ros/humble /usr/bin/cmake /home/venator/matsyota/matsyota_ws/src/matsyota_simulator -DCMAKE_INSTALL_PREFIX=/home/venator/matsyota/install/matsyota_simulator
[1.104s] DEBUG:colcon.colcon_core.event_handler.log_command:Invoking command in '/home/venator/matsyota/matsyota_ws/src/matsyota_controller': PYTHONPATH=/home/venator/matsyota/build/matsyota_controller/prefix_override:/usr/lib/python3/dist-packages/colcon_core/task/python/colcon_distutils_commands:/home/venator/matsyota/install/matsyota_controller/lib/python3.10/site-packages:${PYTHONPATH} /usr/bin/python3 -W ignore:setup.py install is deprecated -W ignore:easy_install command is deprecated setup.py egg_info --egg-base ../../../build/matsyota_controller build --build-base /home/venator/matsyota/build/matsyota_controller/build install --record /home/venator/matsyota/build/matsyota_controller/install.log --single-version-externally-managed install_data
[1.138s] DEBUG:colcon.colcon_core.event_handler.log_command:Invoking command in '/home/venator/matsyota/matsyota_ws/src/matsyota_agent': PYTHONPATH=/home/venator/matsyota/build/matsyota_agent/prefix_override:/usr/lib/python3/dist-packages/colcon_core/task/python/colcon_distutils_commands:/home/venator/matsyota/install/matsyota_agent/lib/python3.10/site-packages:${PYTHONPATH} /usr/bin/python3 -W ignore:setup.py install is deprecated -W ignore:easy_install command is deprecated setup.py egg_info --egg-base ../../../build/matsyota_agent build --build-base /home/venator/matsyota/build/matsyota_agent/build install --record /home/venator/matsyota/build/matsyota_agent/install.log --single-version-externally-managed install_data
[1.352s] Level 1:colcon.colcon_core.environment:checking '/home/venator/matsyota/install/matsyota_controller' for CMake module files
[1.353s] Level 1:colcon.colcon_core.environment:checking '/home/venator/matsyota/install/matsyota_controller' for CMake config files
[1.353s] DEBUG:colcon.colcon_core.event_handler.log_command:Invoked command in '/home/venator/matsyota/matsyota_ws/src/matsyota_controller' returned '0': PYTHONPATH=/home/venator/matsyota/build/matsyota_controller/prefix_override:/usr/lib/python3/dist-packages/colcon_core/task/python/colcon_distutils_commands:/home/venator/matsyota/install/matsyota_controller/lib/python3.10/site-packages:${PYTHONPATH} /usr/bin/python3 -W ignore:setup.py install is deprecated -W ignore:easy_install command is deprecated setup.py egg_info --egg-base ../../../build/matsyota_controller build --build-base /home/venator/matsyota/build/matsyota_controller/build install --record /home/venator/matsyota/build/matsyota_controller/install.log --single-version-externally-managed install_data
[1.354s] Level 1:colcon.colcon_core.environment:checking '/home/venator/matsyota/install/matsyota_controller/lib'
[1.354s] Level 1:colcon.colcon_core.environment:checking '/home/venator/matsyota/install/matsyota_controller/bin'
[1.354s] Level 1:colcon.colcon_core.environment:checking '/home/venator/matsyota/install/matsyota_controller/lib/pkgconfig/matsyota_controller.pc'
[1.354s] Level 1:colcon.colcon_core.environment:checking '/home/venator/matsyota/install/matsyota_controller/lib/python3.10/site-packages'
[1.354s] Level 1:colcon.colcon_core.shell:create_environment_hook('matsyota_controller', 'pythonpath')
[1.355s] INFO:colcon.colcon_core.shell:Creating environment hook '/home/venator/matsyota/install/matsyota_controller/share/matsyota_controller/hook/pythonpath.ps1'
[1.355s] INFO:colcon.colcon_core.shell:Creating environment descriptor '/home/venator/matsyota/install/matsyota_controller/share/matsyota_controller/hook/pythonpath.dsv'
[1.356s] INFO:colcon.colcon_core.shell:Creating environment hook '/home/venator/matsyota/install/matsyota_controller/share/matsyota_controller/hook/pythonpath.sh'
[1.356s] Level 1:colcon.colcon_core.environment:checking '/home/venator/matsyota/install/matsyota_controller/bin'
[1.356s] Level 1:colcon.colcon_core.environment:create_environment_scripts_only(matsyota_controller)
[1.356s] INFO:colcon.colcon_core.shell:Creating package script '/home/venator/matsyota/install/matsyota_controller/share/matsyota_controller/package.ps1'
[1.357s] INFO:colcon.colcon_core.shell:Creating package descriptor '/home/venator/matsyota/install/matsyota_controller/share/matsyota_controller/package.dsv'
[1.357s] INFO:colcon.colcon_core.shell:Creating package script '/home/venator/matsyota/install/matsyota_controller/share/matsyota_controller/package.sh'
[1.358s] INFO:colcon.colcon_core.shell:Creating package script '/home/venator/matsyota/install/matsyota_controller/share/matsyota_controller/package.bash'
[1.359s] INFO:colcon.colcon_core.shell:Creating package script '/home/venator/matsyota/install/matsyota_controller/share/matsyota_controller/package.zsh'
[1.359s] Level 1:colcon.colcon_core.environment:create_file_with_runtime_dependencies(/home/venator/matsyota/install/matsyota_controller/share/colcon-core/packages/matsyota_controller)
[1.378s] Level 1:colcon.colcon_core.environment:checking '/home/venator/matsyota/install/matsyota_agent' for CMake module files
[1.378s] DEBUG:colcon.colcon_core.event_handler.log_command:Invoked command in '/home/venator/matsyota/matsyota_ws/src/matsyota_agent' returned '0': PYTHONPATH=/home/venator/matsyota/build/matsyota_agent/prefix_override:/usr/lib/python3/dist-packages/colcon_core/task/python/colcon_distutils_commands:/home/venator/matsyota/install/matsyota_agent/lib/python3.10/site-packages:${PYTHONPATH} /usr/bin/python3 -W ignore:setup.py install is deprecated -W ignore:easy_install command is deprecated setup.py egg_info --egg-base ../../../build/matsyota_agent build --build-base /home/venator/matsyota/build/matsyota_agent/build install --record /home/venator/matsyota/build/matsyota_agent/install.log --single-version-externally-managed install_data
[1.379s] Level 1:colcon.colcon_core.environment:checking '/home/venator/matsyota/install/matsyota_agent' for CMake config files
[1.379s] Level 1:colcon.colcon_core.environment:checking '/home/venator/matsyota/install/matsyota_agent/lib'
[1.379s] Level 1:colcon.colcon_core.environment:checking '/home/venator/matsyota/install/matsyota_agent/bin'
[1.379s] Level 1:colcon.colcon_core.environment:checking '/home/venator/matsyota/install/matsyota_agent/lib/pkgconfig/matsyota_agent.pc'
[1.379s] Level 1:colcon.colcon_core.environment:checking '/home/venator/matsyota/install/matsyota_agent/lib/python3.10/site-packages'
[1.379s] Level 1:colcon.colcon_core.shell:create_environment_hook('matsyota_agent', 'pythonpath')
[1.379s] INFO:colcon.colcon_core.shell:Creating environment hook '/home/venator/matsyota/install/matsyota_agent/share/matsyota_agent/hook/pythonpath.ps1'
[1.380s] INFO:colcon.colcon_core.shell:Creating environment descriptor '/home/venator/matsyota/install/matsyota_agent/share/matsyota_agent/hook/pythonpath.dsv'
[1.380s] INFO:colcon.colcon_core.shell:Creating environment hook '/home/venator/matsyota/install/matsyota_agent/share/matsyota_agent/hook/pythonpath.sh'
[1.381s] Level 1:colcon.colcon_core.environment:checking '/home/venator/matsyota/install/matsyota_agent/bin'
[1.381s] Level 1:colcon.colcon_core.environment:create_environment_scripts_only(matsyota_agent)
[1.381s] INFO:colcon.colcon_core.shell:Creating package script '/home/venator/matsyota/install/matsyota_agent/share/matsyota_agent/package.ps1'
[1.382s] INFO:colcon.colcon_core.shell:Creating package descriptor '/home/venator/matsyota/install/matsyota_agent/share/matsyota_agent/package.dsv'
[1.382s] INFO:colcon.colcon_core.shell:Creating package script '/home/venator/matsyota/install/matsyota_agent/share/matsyota_agent/package.sh'
[1.383s] INFO:colcon.colcon_core.shell:Creating package script '/home/venator/matsyota/install/matsyota_agent/share/matsyota_agent/package.bash'
[1.383s] INFO:colcon.colcon_core.shell:Creating package script '/home/venator/matsyota/install/matsyota_agent/share/matsyota_agent/package.zsh'
[1.383s] Level 1:colcon.colcon_core.environment:create_file_with_runtime_dependencies(/home/venator/matsyota/install/matsyota_agent/share/colcon-core/packages/matsyota_agent)
[2.873s] DEBUG:colcon.colcon_core.event_handler.log_command:Invoked command in '/home/venator/matsyota/build/matsyota_simulator' returned '0': CMAKE_PREFIX_PATH=${CMAKE_PREFIX_PATH}:/home/venator/turtlebot3_ws/install/turtlebot3_teleop:/home/venator/turtlebot3_ws/install/turtlebot3_example:/opt/ros/humble /usr/bin/cmake /home/venator/matsyota/matsyota_ws/src/matsyota_simulator -DCMAKE_INSTALL_PREFIX=/home/venator/matsyota/install/matsyota_simulator
[2.874s] DEBUG:colcon.colcon_core.event_handler.log_command:Invoking command in '/home/venator/matsyota/build/matsyota_simulator': CMAKE_PREFIX_PATH=${CMAKE_PREFIX_PATH}:/home/venator/turtlebot3_ws/install/turtlebot3_teleop:/home/venator/turtlebot3_ws/install/turtlebot3_example:/opt/ros/humble /usr/bin/cmake --build /home/venator/matsyota/build/matsyota_simulator -- -j6 -l6
[2.908s] DEBUG:colcon.colcon_core.event_handler.log_command:Invoked command in '/home/venator/matsyota/build/matsyota_simulator' returned '0': CMAKE_PREFIX_PATH=${CMAKE_PREFIX_PATH}:/home/venator/turtlebot3_ws/install/turtlebot3_teleop:/home/venator/turtlebot3_ws/install/turtlebot3_example:/opt/ros/humble /usr/bin/cmake --build /home/venator/matsyota/build/matsyota_simulator -- -j6 -l6
[2.916s] DEBUG:colcon.colcon_core.event_handler.log_command:Invoking command in '/home/venator/matsyota/build/matsyota_simulator': CMAKE_PREFIX_PATH=${CMAKE_PREFIX_PATH}:/home/venator/turtlebot3_ws/install/turtlebot3_teleop:/home/venator/turtlebot3_ws/install/turtlebot3_example:/opt/ros/humble /usr/bin/cmake --install /home/venator/matsyota/build/matsyota_simulator
[2.925s] Level 1:colcon.colcon_core.environment:create_environment_scripts_only(matsyota_simulator)
[2.925s] Level 1:colcon.colcon_core.environment:checking '/home/venator/matsyota/install/matsyota_simulator' for CMake module files
[2.925s] DEBUG:colcon.colcon_core.event_handler.log_command:Invoked command in '/home/venator/matsyota/build/matsyota_simulator' returned '0': CMAKE_PREFIX_PATH=${CMAKE_PREFIX_PATH}:/home/venator/turtlebot3_ws/install/turtlebot3_teleop:/home/venator/turtlebot3_ws/install/turtlebot3_example:/opt/ros/humble /usr/bin/cmake --install /home/venator/matsyota/build/matsyota_simulator
[2.926s] Level 1:colcon.colcon_core.environment:checking '/home/venator/matsyota/install/matsyota_simulator' for CMake config files
[2.926s] Level 1:colcon.colcon_core.shell:create_environment_hook('matsyota_simulator', 'cmake_prefix_path')
[2.926s] INFO:colcon.colcon_core.shell:Creating environment hook '/home/venator/matsyota/install/matsyota_simulator/share/matsyota_simulator/hook/cmake_prefix_path.ps1'
[2.926s] INFO:colcon.colcon_core.shell:Creating environment descriptor '/home/venator/matsyota/install/matsyota_simulator/share/matsyota_simulator/hook/cmake_prefix_path.dsv'
[2.927s] INFO:colcon.colcon_core.shell:Creating environment hook '/home/venator/matsyota/install/matsyota_simulator/share/matsyota_simulator/hook/cmake_prefix_path.sh'
[2.927s] Level 1:colcon.colcon_core.environment:checking '/home/venator/matsyota/install/matsyota_simulator/bin'
[2.927s] Level 1:colcon.colcon_core.environment:checking '/home/venator/matsyota/install/matsyota_simulator/lib/pkgconfig/matsyota_simulator.pc'
[2.927s] Level 1:colcon.colcon_core.environment:checking '/home/venator/matsyota/install/matsyota_simulator/lib/python3.10/site-packages'
[2.927s] Level 1:colcon.colcon_core.environment:checking '/home/venator/matsyota/install/matsyota_simulator/bin'
[2.928s] INFO:colcon.colcon_core.shell:Creating package script '/home/venator/matsyota/install/matsyota_simulator/share/matsyota_simulator/package.ps1'
[2.928s] INFO:colcon.colcon_core.shell:Creating package descriptor '/home/venator/matsyota/install/matsyota_simulator/share/matsyota_simulator/package.dsv'
[2.928s] INFO:colcon.colcon_core.shell:Creating package script '/home/venator/matsyota/install/matsyota_simulator/share/matsyota_simulator/package.sh'
[2.928s] INFO:colcon.colcon_core.shell:Creating package script '/home/venator/matsyota/install/matsyota_simulator/share/matsyota_simulator/package.bash'
[2.929s] INFO:colcon.colcon_core.shell:Creating package script '/home/venator/matsyota/install/matsyota_simulator/share/matsyota_simulator/package.zsh'
[2.929s] Level 1:colcon.colcon_core.environment:create_file_with_runtime_dependencies(/home/venator/matsyota/install/matsyota_simulator/share/colcon-core/packages/matsyota_simulator)
[2.929s] Level 1:colcon.colcon_core.environment:create_environment_scripts_only(matsyota_simulator)
[2.929s] Level 1:colcon.colcon_core.environment:checking '/home/venator/matsyota/install/matsyota_simulator' for CMake module files
[2.930s] Level 1:colcon.colcon_core.environment:checking '/home/venator/matsyota/install/matsyota_simulator' for CMake config files
[2.930s] Level 1:colcon.colcon_core.shell:create_environment_hook('matsyota_simulator', 'cmake_prefix_path')
[2.930s] INFO:colcon.colcon_core.shell:Creating environment hook '/home/venator/matsyota/install/matsyota_simulator/share/matsyota_simulator/hook/cmake_prefix_path.ps1'
[2.931s] INFO:colcon.colcon_core.shell:Creating environment descriptor '/home/venator/matsyota/install/matsyota_simulator/share/matsyota_simulator/hook/cmake_prefix_path.dsv'
[2.931s] INFO:colcon.colcon_core.shell:Creating environment hook '/home/venator/matsyota/install/matsyota_simulator/share/matsyota_simulator/hook/cmake_prefix_path.sh'
[2.931s] Level 1:colcon.colcon_core.environment:checking '/home/venator/matsyota/install/matsyota_simulator/bin'
[2.931s] Level 1:colcon.colcon_core.environment:checking '/home/venator/matsyota/install/matsyota_simulator/lib/pkgconfig/matsyota_simulator.pc'
[2.931s] Level 1:colcon.colcon_core.environment:checking '/home/venator/matsyota/install/matsyota_simulator/lib/python3.10/site-packages'
[2.932s] Level 1:colcon.colcon_core.environment:checking '/home/venator/matsyota/install/matsyota_simulator/bin'
[2.932s] INFO:colcon.colcon_core.shell:Creating package script '/home/venator/matsyota/install/matsyota_simulator/share/matsyota_simulator/package.ps1'
[2.932s] INFO:colcon.colcon_core.shell:Creating package descriptor '/home/venator/matsyota/install/matsyota_simulator/share/matsyota_simulator/package.dsv'
[2.932s] INFO:colcon.colcon_core.shell:Creating package script '/home/venator/matsyota/install/matsyota_simulator/share/matsyota_simulator/package.sh'
[2.933s] INFO:colcon.colcon_core.shell:Creating package script '/home/venator/matsyota/install/matsyota_simulator/share/matsyota_simulator/package.bash'
[2.933s] INFO:colcon.colcon_core.shell:Creating package script '/home/venator/matsyota/install/matsyota_simulator/share/matsyota_simulator/package.zsh'
[2.933s] Level 1:colcon.colcon_core.environment:create_file_with_runtime_dependencies(/home/venator/matsyota/install/matsyota_simulator/share/colcon-core/packages/matsyota_simulator)
[2.933s] DEBUG:colcon.colcon_parallel_executor.executor.parallel:closing loop
[2.934s] DEBUG:colcon.colcon_parallel_executor.executor.parallel:loop closed
[2.934s] DEBUG:colcon.colcon_parallel_executor.executor.parallel:run_until_complete finished with '0'
[2.934s] DEBUG:colcon.colcon_core.event_reactor:joining thread
[2.939s] INFO:colcon.colcon_core.plugin_system:Skipping extension 'colcon_notification.desktop_notification.terminal_notifier': Not used on non-Darwin systems
[2.939s] INFO:colcon.colcon_core.plugin_system:Skipping extension 'colcon_notification.desktop_notification.win32': Not used on non-Windows systems
[2.939s] INFO:colcon.colcon_notification.desktop_notification:Sending desktop notification using 'notify2'
[2.947s] DEBUG:colcon.colcon_core.event_reactor:joined thread
[2.947s] INFO:colcon.colcon_core.shell:Creating prefix script '/home/venator/matsyota/install/local_setup.ps1'
[2.948s] INFO:colcon.colcon_core.shell:Creating prefix util module '/home/venator/matsyota/install/_local_setup_util_ps1.py'
[2.949s] INFO:colcon.colcon_core.shell:Creating prefix chain script '/home/venator/matsyota/install/setup.ps1'
[2.951s] INFO:colcon.colcon_core.shell:Creating prefix script '/home/venator/matsyota/install/local_setup.sh'
[2.951s] INFO:colcon.colcon_core.shell:Creating prefix util module '/home/venator/matsyota/install/_local_setup_util_sh.py'
[2.951s] INFO:colcon.colcon_core.shell:Creating prefix chain script '/home/venator/matsyota/install/setup.sh'
[2.953s] INFO:colcon.colcon_core.shell:Creating prefix script '/home/venator/matsyota/install/local_setup.bash'
[2.953s] INFO:colcon.colcon_core.shell:Creating prefix chain script '/home/venator/matsyota/install/setup.bash'
[2.954s] INFO:colcon.colcon_core.shell:Creating prefix script '/home/venator/matsyota/install/local_setup.zsh'
[2.954s] INFO:colcon.colcon_core.shell:Creating prefix chain script '/home/venator/matsyota/install/setup.zsh'
