[0.794s] Invoking command in '/home/venator/matsyota/matsyota_ws/src/matsyota_controller': PYTHONPATH=/home/venator/matsyota/build/matsyota_controller/prefix_override:/usr/lib/python3/dist-packages/colcon_core/task/python/colcon_distutils_commands:/home/venator/matsyota/install/matsyota_controller/lib/python3.10/site-packages:${PYTHONPATH} /usr/bin/python3 -W ignore:setup.py install is deprecated -W ignore:easy_install command is deprecated setup.py egg_info --egg-base ../../../build/matsyota_controller build --build-base /home/venator/matsyota/build/matsyota_controller/build install --record /home/venator/matsyota/build/matsyota_controller/install.log --single-version-externally-managed install_data
[1.006s] running egg_info
[1.006s] creating ../../../build/matsyota_controller/matsyota_controller.egg-info
[1.006s] writing ../../../build/matsyota_controller/matsyota_controller.egg-info/PKG-INFO
[1.006s] writing dependency_links to ../../../build/matsyota_controller/matsyota_controller.egg-info/dependency_links.txt
[1.006s] writing entry points to ../../../build/matsyota_controller/matsyota_controller.egg-info/entry_points.txt
[1.006s] writing requirements to ../../../build/matsyota_controller/matsyota_controller.egg-info/requires.txt
[1.006s] writing top-level names to ../../../build/matsyota_controller/matsyota_controller.egg-info/top_level.txt
[1.006s] writing manifest file '../../../build/matsyota_controller/matsyota_controller.egg-info/SOURCES.txt'
[1.007s] reading manifest file '../../../build/matsyota_controller/matsyota_controller.egg-info/SOURCES.txt'
[1.007s] writing manifest file '../../../build/matsyota_controller/matsyota_controller.egg-info/SOURCES.txt'
[1.008s] running build
[1.008s] running build_py
[1.008s] creating /home/venator/matsyota/build/matsyota_controller/build
[1.008s] creating /home/venator/matsyota/build/matsyota_controller/build/lib
[1.008s] creating /home/venator/matsyota/build/matsyota_controller/build/lib/matsyota_controller
[1.008s] copying matsyota_controller/matsyota_commander.py -> /home/venator/matsyota/build/matsyota_controller/build/lib/matsyota_controller
[1.008s] copying matsyota_controller/__init__.py -> /home/venator/matsyota/build/matsyota_controller/build/lib/matsyota_controller
[1.008s] running install
[1.008s] running install_lib
[1.009s] creating /home/venator/matsyota/install/matsyota_controller/lib/python3.10/site-packages/matsyota_controller
[1.010s] copying /home/venator/matsyota/build/matsyota_controller/build/lib/matsyota_controller/matsyota_commander.py -> /home/venator/matsyota/install/matsyota_controller/lib/python3.10/site-packages/matsyota_controller
[1.010s] copying /home/venator/matsyota/build/matsyota_controller/build/lib/matsyota_controller/__init__.py -> /home/venator/matsyota/install/matsyota_controller/lib/python3.10/site-packages/matsyota_controller
[1.010s] byte-compiling /home/venator/matsyota/install/matsyota_controller/lib/python3.10/site-packages/matsyota_controller/matsyota_commander.py to matsyota_commander.cpython-310.pyc
[1.011s] byte-compiling /home/venator/matsyota/install/matsyota_controller/lib/python3.10/site-packages/matsyota_controller/__init__.py to __init__.cpython-310.pyc
[1.011s] running install_data
[1.011s] creating /home/venator/matsyota/install/matsyota_controller/share/ament_index
[1.011s] creating /home/venator/matsyota/install/matsyota_controller/share/ament_index/resource_index
[1.011s] creating /home/venator/matsyota/install/matsyota_controller/share/ament_index/resource_index/packages
[1.011s] copying resource/matsyota_controller -> /home/venator/matsyota/install/matsyota_controller/share/ament_index/resource_index/packages
[1.011s] copying package.xml -> /home/venator/matsyota/install/matsyota_controller/share/matsyota_controller
[1.011s] running install_egg_info
[1.013s] Copying ../../../build/matsyota_controller/matsyota_controller.egg-info to /home/venator/matsyota/install/matsyota_controller/lib/python3.10/site-packages/matsyota_controller-0.0.0-py3.10.egg-info
[1.014s] running install_scripts
[1.034s] Installing feed_dispersion_mapper script to /home/venator/matsyota/install/matsyota_controller/lib/matsyota_controller
[1.035s] Installing matsyota_commander script to /home/venator/matsyota/install/matsyota_controller/lib/matsyota_controller
[1.035s] writing list of installed files to '/home/venator/matsyota/build/matsyota_controller/install.log'
[1.065s] Invoked command in '/home/venator/matsyota/matsyota_ws/src/matsyota_controller' returned '0': PYTHONPATH=/home/venator/matsyota/build/matsyota_controller/prefix_override:/usr/lib/python3/dist-packages/colcon_core/task/python/colcon_distutils_commands:/home/venator/matsyota/install/matsyota_controller/lib/python3.10/site-packages:${PYTHONPATH} /usr/bin/python3 -W ignore:setup.py install is deprecated -W ignore:easy_install command is deprecated setup.py egg_info --egg-base ../../../build/matsyota_controller build --build-base /home/venator/matsyota/build/matsyota_controller/build install --record /home/venator/matsyota/build/matsyota_controller/install.log --single-version-externally-managed install_data
