[0.632s] Invoking command in '/home/venator/matsyota/matsyota_ws/build/matsyota_controller': PYTHONPATH=/home/venator/matsyota/matsyota_ws/build/matsyota_controller/prefix_override:/usr/lib/python3/dist-packages/colcon_core/task/python/colcon_distutils_commands:/home/venator/matsyota/matsyota_ws/install/matsyota_controller/lib/python3.10/site-packages:${PYTHONPATH} /usr/bin/python3 -W ignore:setup.py install is deprecated -W ignore:easy_install command is deprecated setup.py develop --editable --build-directory /home/venator/matsyota/matsyota_ws/build/matsyota_controller/build --no-deps symlink_data
[0.825s] running develop
[0.953s] running egg_info
[0.953s] creating matsyota_controller.egg-info
[0.953s] writing matsyota_controller.egg-info/PKG-INFO
[0.953s] writing dependency_links to matsyota_controller.egg-info/dependency_links.txt
[0.953s] writing entry points to matsyota_controller.egg-info/entry_points.txt
[0.953s] writing requirements to matsyota_controller.egg-info/requires.txt
[0.953s] writing top-level names to matsyota_controller.egg-info/top_level.txt
[0.954s] writing manifest file 'matsyota_controller.egg-info/SOURCES.txt'
[0.955s] reading manifest file 'matsyota_controller.egg-info/SOURCES.txt'
[0.955s] writing manifest file 'matsyota_controller.egg-info/SOURCES.txt'
[0.956s] running build_ext
[0.956s] Creating /home/venator/matsyota/matsyota_ws/install/matsyota_controller/lib/python3.10/site-packages/matsyota-controller.egg-link (link to .)
[0.957s] 
[0.957s] Installed /home/venator/matsyota/matsyota_ws/build/matsyota_controller
[0.957s] running symlink_data
[0.957s] creating /home/venator/matsyota/matsyota_ws/install/matsyota_controller/share
[0.957s] creating /home/venator/matsyota/matsyota_ws/install/matsyota_controller/share/ament_index
[0.957s] creating /home/venator/matsyota/matsyota_ws/install/matsyota_controller/share/ament_index/resource_index
[0.957s] creating /home/venator/matsyota/matsyota_ws/install/matsyota_controller/share/ament_index/resource_index/packages
[0.957s] symbolically linking /home/venator/matsyota/matsyota_ws/build/matsyota_controller/resource/matsyota_controller -> /home/venator/matsyota/matsyota_ws/install/matsyota_controller/share/ament_index/resource_index/packages
[0.957s] creating /home/venator/matsyota/matsyota_ws/install/matsyota_controller/share/matsyota_controller
[0.957s] symbolically linking /home/venator/matsyota/matsyota_ws/build/matsyota_controller/package.xml -> /home/venator/matsyota/matsyota_ws/install/matsyota_controller/share/matsyota_controller
[0.976s] Invoked command in '/home/venator/matsyota/matsyota_ws/build/matsyota_controller' returned '0': PYTHONPATH=/home/venator/matsyota/matsyota_ws/build/matsyota_controller/prefix_override:/usr/lib/python3/dist-packages/colcon_core/task/python/colcon_distutils_commands:/home/venator/matsyota/matsyota_ws/install/matsyota_controller/lib/python3.10/site-packages:${PYTHONPATH} /usr/bin/python3 -W ignore:setup.py install is deprecated -W ignore:easy_install command is deprecated setup.py develop --editable --build-directory /home/venator/matsyota/matsyota_ws/build/matsyota_controller/build --no-deps symlink_data
