[0.072s] DEBUG:colcon:Command line arguments: ['/usr/bin/colcon', 'build', '--symlink-install']
[0.072s] DEBUG:colcon:Parsed command line arguments: Namespace(log_base=None, log_level=None, verb_name='build', build_base='build', install_base='install', merge_install=False, symlink_install=True, test_result_base=None, continue_on_error=False, executor='parallel', parallel_workers=6, event_handlers=None, ignore_user_meta=False, metas=['./colcon.meta'], base_paths=['.'], packages_ignore=None, packages_ignore_regex=None, paths=None, packages_up_to=None, packages_up_to_regex=None, packages_above=None, packages_above_and_dependencies=None, packages_above_depth=None, packages_select_by_dep=None, packages_skip_by_dep=None, packages_skip_up_to=None, packages_select_build_failed=False, packages_skip_build_finished=False, packages_select_test_failures=False, packages_skip_test_passed=False, packages_select=None, packages_skip=None, packages_select_regex=None, packages_skip_regex=None, packages_start=None, packages_end=None, allow_overriding=[], cmake_args=None, cmake_target=None, cmake_target_skip_unavailable=False, cmake_clean_cache=False, cmake_clean_first=False, cmake_force_configure=False, ament_cmake_args=None, catkin_cmake_args=None, catkin_skip_building_tests=False, mixin_files=None, mixin=None, verb_parser=<colcon_mixin.mixin.mixin_argument.MixinArgumentDecorator object at 0x7521ae3996f0>, verb_extension=<colcon_core.verb.build.BuildVerb object at 0x7521ae31ada0>, main=<bound method BuildVerb.main of <colcon_core.verb.build.BuildVerb object at 0x7521ae31ada0>>, mixin_verb=('build',))
[0.275s] Level 1:colcon.colcon_core.package_discovery:discover_packages(colcon_meta) check parameters
[0.275s] Level 1:colcon.colcon_core.package_discovery:discover_packages(recursive) check parameters
[0.275s] Level 1:colcon.colcon_core.package_discovery:discover_packages(ignore) check parameters
[0.275s] Level 1:colcon.colcon_core.package_discovery:discover_packages(path) check parameters
[0.275s] Level 1:colcon.colcon_core.package_discovery:discover_packages(colcon_meta) discover
[0.275s] Level 1:colcon.colcon_core.package_discovery:discover_packages(recursive) discover
[0.275s] INFO:colcon.colcon_core.package_discovery:Crawling recursively for packages in '/home/venator/matsyota/matsyota_ws'
[0.275s] Level 1:colcon.colcon_core.package_identification:_identify(.) by extensions ['ignore', 'ignore_ament_install']
[0.275s] Level 1:colcon.colcon_core.package_identification:_identify(.) by extension 'ignore'
[0.275s] Level 1:colcon.colcon_core.package_identification:_identify(.) by extension 'ignore_ament_install'
[0.275s] Level 1:colcon.colcon_core.package_identification:_identify(.) by extensions ['colcon_pkg']
[0.275s] Level 1:colcon.colcon_core.package_identification:_identify(.) by extension 'colcon_pkg'
[0.275s] Level 1:colcon.colcon_core.package_identification:_identify(.) by extensions ['colcon_meta']
[0.275s] Level 1:colcon.colcon_core.package_identification:_identify(.) by extension 'colcon_meta'
[0.275s] Level 1:colcon.colcon_core.package_identification:_identify(.) by extensions ['ros']
[0.275s] Level 1:colcon.colcon_core.package_identification:_identify(.) by extension 'ros'
[0.290s] Level 1:colcon.colcon_core.package_identification:_identify(.) by extensions ['cmake', 'python']
[0.290s] Level 1:colcon.colcon_core.package_identification:_identify(.) by extension 'cmake'
[0.290s] Level 1:colcon.colcon_core.package_identification:_identify(.) by extension 'python'
[0.290s] Level 1:colcon.colcon_core.package_identification:_identify(.) by extensions ['python_setup_py']
[0.290s] Level 1:colcon.colcon_core.package_identification:_identify(.) by extension 'python_setup_py'
[0.290s] Level 1:colcon.colcon_core.package_identification:_identify(build) by extensions ['ignore', 'ignore_ament_install']
[0.290s] Level 1:colcon.colcon_core.package_identification:_identify(build) by extension 'ignore'
[0.290s] Level 1:colcon.colcon_core.package_identification:_identify(build) ignored
[0.290s] Level 1:colcon.colcon_core.package_identification:_identify(install) by extensions ['ignore', 'ignore_ament_install']
[0.291s] Level 1:colcon.colcon_core.package_identification:_identify(install) by extension 'ignore'
[0.291s] Level 1:colcon.colcon_core.package_identification:_identify(install) ignored
[0.291s] Level 1:colcon.colcon_core.package_identification:_identify(log) by extensions ['ignore', 'ignore_ament_install']
[0.291s] Level 1:colcon.colcon_core.package_identification:_identify(log) by extension 'ignore'
[0.291s] Level 1:colcon.colcon_core.package_identification:_identify(log) ignored
[0.291s] Level 1:colcon.colcon_core.package_identification:_identify(src) by extensions ['ignore', 'ignore_ament_install']
[0.291s] Level 1:colcon.colcon_core.package_identification:_identify(src) by extension 'ignore'
[0.291s] Level 1:colcon.colcon_core.package_identification:_identify(src) by extension 'ignore_ament_install'
[0.291s] Level 1:colcon.colcon_core.package_identification:_identify(src) by extensions ['colcon_pkg']
[0.291s] Level 1:colcon.colcon_core.package_identification:_identify(src) by extension 'colcon_pkg'
[0.291s] Level 1:colcon.colcon_core.package_identification:_identify(src) by extensions ['colcon_meta']
[0.291s] Level 1:colcon.colcon_core.package_identification:_identify(src) by extension 'colcon_meta'
[0.291s] Level 1:colcon.colcon_core.package_identification:_identify(src) by extensions ['ros']
[0.291s] Level 1:colcon.colcon_core.package_identification:_identify(src) by extension 'ros'
[0.291s] Level 1:colcon.colcon_core.package_identification:_identify(src) by extensions ['cmake', 'python']
[0.291s] Level 1:colcon.colcon_core.package_identification:_identify(src) by extension 'cmake'
[0.291s] Level 1:colcon.colcon_core.package_identification:_identify(src) by extension 'python'
[0.291s] Level 1:colcon.colcon_core.package_identification:_identify(src) by extensions ['python_setup_py']
[0.291s] Level 1:colcon.colcon_core.package_identification:_identify(src) by extension 'python_setup_py'
[0.291s] Level 1:colcon.colcon_core.package_identification:_identify(src/matsyota_agent) by extensions ['ignore', 'ignore_ament_install']
[0.291s] Level 1:colcon.colcon_core.package_identification:_identify(src/matsyota_agent) by extension 'ignore'
[0.291s] Level 1:colcon.colcon_core.package_identification:_identify(src/matsyota_agent) by extension 'ignore_ament_install'
[0.291s] Level 1:colcon.colcon_core.package_identification:_identify(src/matsyota_agent) by extensions ['colcon_pkg']
[0.291s] Level 1:colcon.colcon_core.package_identification:_identify(src/matsyota_agent) by extension 'colcon_pkg'
[0.291s] Level 1:colcon.colcon_core.package_identification:_identify(src/matsyota_agent) by extensions ['colcon_meta']
[0.291s] Level 1:colcon.colcon_core.package_identification:_identify(src/matsyota_agent) by extension 'colcon_meta'
[0.291s] Level 1:colcon.colcon_core.package_identification:_identify(src/matsyota_agent) by extensions ['ros']
[0.291s] Level 1:colcon.colcon_core.package_identification:_identify(src/matsyota_agent) by extension 'ros'
[0.294s] DEBUG:colcon.colcon_core.package_identification:Package 'src/matsyota_agent' with type 'ros.ament_python' and name 'matsyota_agent'
[0.294s] Level 1:colcon.colcon_core.package_identification:_identify(src/matsyota_controller) by extensions ['ignore', 'ignore_ament_install']
[0.294s] Level 1:colcon.colcon_core.package_identification:_identify(src/matsyota_controller) by extension 'ignore'
[0.294s] Level 1:colcon.colcon_core.package_identification:_identify(src/matsyota_controller) by extension 'ignore_ament_install'
[0.294s] Level 1:colcon.colcon_core.package_identification:_identify(src/matsyota_controller) by extensions ['colcon_pkg']
[0.294s] Level 1:colcon.colcon_core.package_identification:_identify(src/matsyota_controller) by extension 'colcon_pkg'
[0.294s] Level 1:colcon.colcon_core.package_identification:_identify(src/matsyota_controller) by extensions ['colcon_meta']
[0.294s] Level 1:colcon.colcon_core.package_identification:_identify(src/matsyota_controller) by extension 'colcon_meta'
[0.294s] Level 1:colcon.colcon_core.package_identification:_identify(src/matsyota_controller) by extensions ['ros']
[0.294s] Level 1:colcon.colcon_core.package_identification:_identify(src/matsyota_controller) by extension 'ros'
[0.295s] DEBUG:colcon.colcon_core.package_identification:Package 'src/matsyota_controller' with type 'ros.ament_python' and name 'matsyota_controller'
[0.295s] Level 1:colcon.colcon_core.package_identification:_identify(src/matsyota_simulator) by extensions ['ignore', 'ignore_ament_install']
[0.295s] Level 1:colcon.colcon_core.package_identification:_identify(src/matsyota_simulator) by extension 'ignore'
[0.295s] Level 1:colcon.colcon_core.package_identification:_identify(src/matsyota_simulator) by extension 'ignore_ament_install'
[0.295s] Level 1:colcon.colcon_core.package_identification:_identify(src/matsyota_simulator) by extensions ['colcon_pkg']
[0.295s] Level 1:colcon.colcon_core.package_identification:_identify(src/matsyota_simulator) by extension 'colcon_pkg'
[0.295s] Level 1:colcon.colcon_core.package_identification:_identify(src/matsyota_simulator) by extensions ['colcon_meta']
[0.295s] Level 1:colcon.colcon_core.package_identification:_identify(src/matsyota_simulator) by extension 'colcon_meta'
[0.295s] Level 1:colcon.colcon_core.package_identification:_identify(src/matsyota_simulator) by extensions ['ros']
[0.295s] Level 1:colcon.colcon_core.package_identification:_identify(src/matsyota_simulator) by extension 'ros'
[0.296s] DEBUG:colcon.colcon_core.package_identification:Package 'src/matsyota_simulator' with type 'ros.ament_cmake' and name 'matsyota_simulator'
[0.296s] Level 1:colcon.colcon_core.package_discovery:discover_packages(recursive) using defaults
[0.296s] Level 1:colcon.colcon_core.package_discovery:discover_packages(ignore) discover
[0.296s] Level 1:colcon.colcon_core.package_discovery:discover_packages(ignore) using defaults
[0.296s] Level 1:colcon.colcon_core.package_discovery:discover_packages(path) discover
[0.296s] Level 1:colcon.colcon_core.package_discovery:discover_packages(path) using defaults
[0.316s] Level 1:colcon.colcon_core.package_discovery:discover_packages(prefix_path) check parameters
[0.316s] Level 1:colcon.colcon_core.package_discovery:discover_packages(prefix_path) discover
[0.318s] DEBUG:colcon.colcon_installed_package_information.package_discovery:Found 16 installed packages in /home/venator/turtlebot3_ws/install
[0.320s] DEBUG:colcon.colcon_installed_package_information.package_discovery:Found 423 installed packages in /opt/ros/humble
[0.321s] Level 1:colcon.colcon_core.package_discovery:discover_packages(prefix_path) using defaults
[0.365s] Level 5:colcon.colcon_core.verb:set package 'matsyota_agent' build argument 'cmake_args' from command line to 'None'
[0.365s] Level 5:colcon.colcon_core.verb:set package 'matsyota_agent' build argument 'cmake_target' from command line to 'None'
[0.365s] Level 5:colcon.colcon_core.verb:set package 'matsyota_agent' build argument 'cmake_target_skip_unavailable' from command line to 'False'
[0.365s] Level 5:colcon.colcon_core.verb:set package 'matsyota_agent' build argument 'cmake_clean_cache' from command line to 'False'
[0.365s] Level 5:colcon.colcon_core.verb:set package 'matsyota_agent' build argument 'cmake_clean_first' from command line to 'False'
[0.365s] Level 5:colcon.colcon_core.verb:set package 'matsyota_agent' build argument 'cmake_force_configure' from command line to 'False'
[0.365s] Level 5:colcon.colcon_core.verb:set package 'matsyota_agent' build argument 'ament_cmake_args' from command line to 'None'
[0.365s] Level 5:colcon.colcon_core.verb:set package 'matsyota_agent' build argument 'catkin_cmake_args' from command line to 'None'
[0.365s] Level 5:colcon.colcon_core.verb:set package 'matsyota_agent' build argument 'catkin_skip_building_tests' from command line to 'False'
[0.366s] DEBUG:colcon.colcon_core.verb:Building package 'matsyota_agent' with the following arguments: {'ament_cmake_args': None, 'build_base': '/home/venator/matsyota/matsyota_ws/build/matsyota_agent', 'catkin_cmake_args': None, 'catkin_skip_building_tests': False, 'cmake_args': None, 'cmake_clean_cache': False, 'cmake_clean_first': False, 'cmake_force_configure': False, 'cmake_target': None, 'cmake_target_skip_unavailable': False, 'install_base': '/home/venator/matsyota/matsyota_ws/install/matsyota_agent', 'merge_install': False, 'path': '/home/venator/matsyota/matsyota_ws/src/matsyota_agent', 'symlink_install': True, 'test_result_base': None}
[0.366s] Level 5:colcon.colcon_core.verb:set package 'matsyota_controller' build argument 'cmake_args' from command line to 'None'
[0.366s] Level 5:colcon.colcon_core.verb:set package 'matsyota_controller' build argument 'cmake_target' from command line to 'None'
[0.366s] Level 5:colcon.colcon_core.verb:set package 'matsyota_controller' build argument 'cmake_target_skip_unavailable' from command line to 'False'
[0.366s] Level 5:colcon.colcon_core.verb:set package 'matsyota_controller' build argument 'cmake_clean_cache' from command line to 'False'
[0.366s] Level 5:colcon.colcon_core.verb:set package 'matsyota_controller' build argument 'cmake_clean_first' from command line to 'False'
[0.366s] Level 5:colcon.colcon_core.verb:set package 'matsyota_controller' build argument 'cmake_force_configure' from command line to 'False'
[0.366s] Level 5:colcon.colcon_core.verb:set package 'matsyota_controller' build argument 'ament_cmake_args' from command line to 'None'
[0.366s] Level 5:colcon.colcon_core.verb:set package 'matsyota_controller' build argument 'catkin_cmake_args' from command line to 'None'
[0.366s] Level 5:colcon.colcon_core.verb:set package 'matsyota_controller' build argument 'catkin_skip_building_tests' from command line to 'False'
[0.366s] DEBUG:colcon.colcon_core.verb:Building package 'matsyota_controller' with the following arguments: {'ament_cmake_args': None, 'build_base': '/home/venator/matsyota/matsyota_ws/build/matsyota_controller', 'catkin_cmake_args': None, 'catkin_skip_building_tests': False, 'cmake_args': None, 'cmake_clean_cache': False, 'cmake_clean_first': False, 'cmake_force_configure': False, 'cmake_target': None, 'cmake_target_skip_unavailable': False, 'install_base': '/home/venator/matsyota/matsyota_ws/install/matsyota_controller', 'merge_install': False, 'path': '/home/venator/matsyota/matsyota_ws/src/matsyota_controller', 'symlink_install': True, 'test_result_base': None}
[0.366s] Level 5:colcon.colcon_core.verb:set package 'matsyota_simulator' build argument 'cmake_args' from command line to 'None'
[0.366s] Level 5:colcon.colcon_core.verb:set package 'matsyota_simulator' build argument 'cmake_target' from command line to 'None'
[0.366s] Level 5:colcon.colcon_core.verb:set package 'matsyota_simulator' build argument 'cmake_target_skip_unavailable' from command line to 'False'
[0.366s] Level 5:colcon.colcon_core.verb:set package 'matsyota_simulator' build argument 'cmake_clean_cache' from command line to 'False'
[0.366s] Level 5:colcon.colcon_core.verb:set package 'matsyota_simulator' build argument 'cmake_clean_first' from command line to 'False'
[0.366s] Level 5:colcon.colcon_core.verb:set package 'matsyota_simulator' build argument 'cmake_force_configure' from command line to 'False'
[0.366s] Level 5:colcon.colcon_core.verb:set package 'matsyota_simulator' build argument 'ament_cmake_args' from command line to 'None'
[0.366s] Level 5:colcon.colcon_core.verb:set package 'matsyota_simulator' build argument 'catkin_cmake_args' from command line to 'None'
[0.366s] Level 5:colcon.colcon_core.verb:set package 'matsyota_simulator' build argument 'catkin_skip_building_tests' from command line to 'False'
[0.366s] DEBUG:colcon.colcon_core.verb:Building package 'matsyota_simulator' with the following arguments: {'ament_cmake_args': None, 'build_base': '/home/venator/matsyota/matsyota_ws/build/matsyota_simulator', 'catkin_cmake_args': None, 'catkin_skip_building_tests': False, 'cmake_args': None, 'cmake_clean_cache': False, 'cmake_clean_first': False, 'cmake_force_configure': False, 'cmake_target': None, 'cmake_target_skip_unavailable': False, 'install_base': '/home/venator/matsyota/matsyota_ws/install/matsyota_simulator', 'merge_install': False, 'path': '/home/venator/matsyota/matsyota_ws/src/matsyota_simulator', 'symlink_install': True, 'test_result_base': None}
[0.366s] INFO:colcon.colcon_core.executor:Executing jobs using 'parallel' executor
[0.367s] DEBUG:colcon.colcon_parallel_executor.executor.parallel:run_until_complete
[0.367s] INFO:colcon.colcon_ros.task.ament_python.build:Building ROS package in '/home/venator/matsyota/matsyota_ws/src/matsyota_agent' with build type 'ament_python'
[0.367s] Level 1:colcon.colcon_core.shell:create_environment_hook('matsyota_agent', 'ament_prefix_path')
[0.370s] INFO:colcon.colcon_core.plugin_system:Skipping extension 'colcon_core.shell.bat': Not used on non-Windows systems
[0.370s] INFO:colcon.colcon_core.shell:Creating environment hook '/home/venator/matsyota/matsyota_ws/install/matsyota_agent/share/matsyota_agent/hook/ament_prefix_path.ps1'
[0.371s] INFO:colcon.colcon_core.shell:Creating environment descriptor '/home/venator/matsyota/matsyota_ws/install/matsyota_agent/share/matsyota_agent/hook/ament_prefix_path.dsv'
[0.371s] INFO:colcon.colcon_core.shell:Creating environment hook '/home/venator/matsyota/matsyota_ws/install/matsyota_agent/share/matsyota_agent/hook/ament_prefix_path.sh'
[0.372s] INFO:colcon.colcon_core.shell:Skip shell extension 'powershell' for command environment: Not usable outside of PowerShell
[0.372s] DEBUG:colcon.colcon_core.shell:Skip shell extension 'dsv' for command environment
[0.375s] INFO:colcon.colcon_ros.task.ament_python.build:Building ROS package in '/home/venator/matsyota/matsyota_ws/src/matsyota_controller' with build type 'ament_python'
[0.375s] Level 1:colcon.colcon_core.shell:create_environment_hook('matsyota_controller', 'ament_prefix_path')
[0.375s] INFO:colcon.colcon_core.shell:Creating environment hook '/home/venator/matsyota/matsyota_ws/install/matsyota_controller/share/matsyota_controller/hook/ament_prefix_path.ps1'
[0.375s] INFO:colcon.colcon_core.shell:Creating environment descriptor '/home/venator/matsyota/matsyota_ws/install/matsyota_controller/share/matsyota_controller/hook/ament_prefix_path.dsv'
[0.375s] INFO:colcon.colcon_core.shell:Creating environment hook '/home/venator/matsyota/matsyota_ws/install/matsyota_controller/share/matsyota_controller/hook/ament_prefix_path.sh'
[0.376s] INFO:colcon.colcon_core.shell:Skip shell extension 'powershell' for command environment: Not usable outside of PowerShell
[0.376s] DEBUG:colcon.colcon_core.shell:Skip shell extension 'dsv' for command environment
[0.378s] INFO:colcon.colcon_ros.task.ament_cmake.build:Building ROS package in '/home/venator/matsyota/matsyota_ws/src/matsyota_simulator' with build type 'ament_cmake'
[0.378s] INFO:colcon.colcon_cmake.task.cmake.build:Building CMake package in '/home/venator/matsyota/matsyota_ws/src/matsyota_simulator'
[0.378s] INFO:colcon.colcon_core.shell:Skip shell extension 'powershell' for command environment: Not usable outside of PowerShell
[0.378s] DEBUG:colcon.colcon_core.shell:Skip shell extension 'dsv' for command environment
[0.562s] INFO:colcon.colcon_core.task.python.build:Building Python package in '/home/venator/matsyota/matsyota_ws/src/matsyota_agent'
[0.562s] INFO:colcon.colcon_core.shell:Skip shell extension 'powershell' for command environment: Not usable outside of PowerShell
[0.562s] DEBUG:colcon.colcon_core.shell:Skip shell extension 'dsv' for command environment
[0.743s] INFO:colcon.colcon_core.task.python.build:Building Python package in '/home/venator/matsyota/matsyota_ws/src/matsyota_controller'
[0.743s] INFO:colcon.colcon_core.shell:Skip shell extension 'powershell' for command environment: Not usable outside of PowerShell
[0.743s] DEBUG:colcon.colcon_core.shell:Skip shell extension 'dsv' for command environment
[0.748s] DEBUG:colcon.colcon_core.event_handler.log_command:Invoking command in '/home/venator/matsyota/matsyota_ws/build/matsyota_simulator': CMAKE_PREFIX_PATH=${CMAKE_PREFIX_PATH}:/home/venator/turtlebot3_ws/install/turtlebot3_teleop:/home/venator/turtlebot3_ws/install/turtlebot3_example:/opt/ros/humble /usr/bin/cmake /home/venator/matsyota/matsyota_ws/src/matsyota_simulator -DAMENT_CMAKE_SYMLINK_INSTALL=1 -DCMAKE_INSTALL_PREFIX=/home/venator/matsyota/matsyota_ws/install/matsyota_simulator
[1.061s] DEBUG:colcon.colcon_core.event_handler.log_command:Invoking command in '/home/venator/matsyota/matsyota_ws/build/matsyota_controller': PYTHONPATH=/home/venator/matsyota/matsyota_ws/build/matsyota_controller/prefix_override:/usr/lib/python3/dist-packages/colcon_core/task/python/colcon_distutils_commands:/home/venator/matsyota/matsyota_ws/install/matsyota_controller/lib/python3.10/site-packages:${PYTHONPATH} /usr/bin/python3 -W ignore:setup.py install is deprecated -W ignore:easy_install command is deprecated setup.py develop --editable --build-directory /home/venator/matsyota/matsyota_ws/build/matsyota_controller/build --no-deps symlink_data
[1.062s] DEBUG:colcon.colcon_core.event_handler.log_command:Invoking command in '/home/venator/matsyota/matsyota_ws/build/matsyota_agent': PYTHONPATH=/home/venator/matsyota/matsyota_ws/build/matsyota_agent/prefix_override:/usr/lib/python3/dist-packages/colcon_core/task/python/colcon_distutils_commands:/home/venator/matsyota/matsyota_ws/install/matsyota_agent/lib/python3.10/site-packages:${PYTHONPATH} /usr/bin/python3 -W ignore:setup.py install is deprecated -W ignore:easy_install command is deprecated setup.py develop --editable --build-directory /home/venator/matsyota/matsyota_ws/build/matsyota_agent/build --no-deps symlink_data
[1.406s] Level 1:colcon.colcon_core.shell:create_environment_hook('matsyota_agent', 'pythonpath_develop')
[1.406s] INFO:colcon.colcon_core.shell:Creating environment hook '/home/venator/matsyota/matsyota_ws/build/matsyota_agent/share/matsyota_agent/hook/pythonpath_develop.ps1'
[1.406s] DEBUG:colcon.colcon_core.event_handler.log_command:Invoked command in '/home/venator/matsyota/matsyota_ws/build/matsyota_agent' returned '0': PYTHONPATH=/home/venator/matsyota/matsyota_ws/build/matsyota_agent/prefix_override:/usr/lib/python3/dist-packages/colcon_core/task/python/colcon_distutils_commands:/home/venator/matsyota/matsyota_ws/install/matsyota_agent/lib/python3.10/site-packages:${PYTHONPATH} /usr/bin/python3 -W ignore:setup.py install is deprecated -W ignore:easy_install command is deprecated setup.py develop --editable --build-directory /home/venator/matsyota/matsyota_ws/build/matsyota_agent/build --no-deps symlink_data
[1.407s] INFO:colcon.colcon_core.shell:Creating environment descriptor '/home/venator/matsyota/matsyota_ws/build/matsyota_agent/share/matsyota_agent/hook/pythonpath_develop.dsv'
[1.407s] INFO:colcon.colcon_core.shell:Creating environment hook '/home/venator/matsyota/matsyota_ws/build/matsyota_agent/share/matsyota_agent/hook/pythonpath_develop.sh'
[1.411s] Level 1:colcon.colcon_core.environment:checking '/home/venator/matsyota/matsyota_ws/install/matsyota_agent' for CMake module files
[1.411s] Level 1:colcon.colcon_core.environment:checking '/home/venator/matsyota/matsyota_ws/install/matsyota_agent' for CMake config files
[1.411s] Level 1:colcon.colcon_core.environment:checking '/home/venator/matsyota/matsyota_ws/install/matsyota_agent/lib'
[1.411s] Level 1:colcon.colcon_core.environment:checking '/home/venator/matsyota/matsyota_ws/install/matsyota_agent/bin'
[1.411s] Level 1:colcon.colcon_core.environment:checking '/home/venator/matsyota/matsyota_ws/install/matsyota_agent/lib/pkgconfig/matsyota_agent.pc'
[1.411s] Level 1:colcon.colcon_core.environment:checking '/home/venator/matsyota/matsyota_ws/install/matsyota_agent/lib/python3.10/site-packages'
[1.411s] Level 1:colcon.colcon_core.shell:create_environment_hook('matsyota_agent', 'pythonpath')
[1.412s] INFO:colcon.colcon_core.shell:Creating environment hook '/home/venator/matsyota/matsyota_ws/install/matsyota_agent/share/matsyota_agent/hook/pythonpath.ps1'
[1.412s] INFO:colcon.colcon_core.shell:Creating environment descriptor '/home/venator/matsyota/matsyota_ws/install/matsyota_agent/share/matsyota_agent/hook/pythonpath.dsv'
[1.412s] INFO:colcon.colcon_core.shell:Creating environment hook '/home/venator/matsyota/matsyota_ws/install/matsyota_agent/share/matsyota_agent/hook/pythonpath.sh'
[1.412s] Level 1:colcon.colcon_core.environment:checking '/home/venator/matsyota/matsyota_ws/install/matsyota_agent/bin'
[1.412s] Level 1:colcon.colcon_core.environment:create_environment_scripts_only(matsyota_agent)
[1.413s] INFO:colcon.colcon_core.shell:Creating package script '/home/venator/matsyota/matsyota_ws/install/matsyota_agent/share/matsyota_agent/package.ps1'
[1.413s] INFO:colcon.colcon_core.shell:Creating package descriptor '/home/venator/matsyota/matsyota_ws/install/matsyota_agent/share/matsyota_agent/package.dsv'
[1.414s] INFO:colcon.colcon_core.shell:Creating package script '/home/venator/matsyota/matsyota_ws/install/matsyota_agent/share/matsyota_agent/package.sh'
[1.414s] INFO:colcon.colcon_core.shell:Creating package script '/home/venator/matsyota/matsyota_ws/install/matsyota_agent/share/matsyota_agent/package.bash'
[1.415s] INFO:colcon.colcon_core.shell:Creating package script '/home/venator/matsyota/matsyota_ws/install/matsyota_agent/share/matsyota_agent/package.zsh'
[1.416s] Level 1:colcon.colcon_core.environment:create_file_with_runtime_dependencies(/home/venator/matsyota/matsyota_ws/install/matsyota_agent/share/colcon-core/packages/matsyota_agent)
[1.416s] Level 1:colcon.colcon_core.shell:create_environment_hook('matsyota_controller', 'pythonpath_develop')
[1.416s] INFO:colcon.colcon_core.shell:Creating environment hook '/home/venator/matsyota/matsyota_ws/build/matsyota_controller/share/matsyota_controller/hook/pythonpath_develop.ps1'
[1.417s] DEBUG:colcon.colcon_core.event_handler.log_command:Invoked command in '/home/venator/matsyota/matsyota_ws/build/matsyota_controller' returned '0': PYTHONPATH=/home/venator/matsyota/matsyota_ws/build/matsyota_controller/prefix_override:/usr/lib/python3/dist-packages/colcon_core/task/python/colcon_distutils_commands:/home/venator/matsyota/matsyota_ws/install/matsyota_controller/lib/python3.10/site-packages:${PYTHONPATH} /usr/bin/python3 -W ignore:setup.py install is deprecated -W ignore:easy_install command is deprecated setup.py develop --editable --build-directory /home/venator/matsyota/matsyota_ws/build/matsyota_controller/build --no-deps symlink_data
[1.417s] INFO:colcon.colcon_core.shell:Creating environment descriptor '/home/venator/matsyota/matsyota_ws/build/matsyota_controller/share/matsyota_controller/hook/pythonpath_develop.dsv'
[1.417s] INFO:colcon.colcon_core.shell:Creating environment hook '/home/venator/matsyota/matsyota_ws/build/matsyota_controller/share/matsyota_controller/hook/pythonpath_develop.sh'
[1.417s] Level 1:colcon.colcon_core.environment:checking '/home/venator/matsyota/matsyota_ws/install/matsyota_controller' for CMake module files
[1.418s] Level 1:colcon.colcon_core.environment:checking '/home/venator/matsyota/matsyota_ws/install/matsyota_controller' for CMake config files
[1.418s] Level 1:colcon.colcon_core.environment:checking '/home/venator/matsyota/matsyota_ws/install/matsyota_controller/lib'
[1.418s] Level 1:colcon.colcon_core.environment:checking '/home/venator/matsyota/matsyota_ws/install/matsyota_controller/bin'
[1.418s] Level 1:colcon.colcon_core.environment:checking '/home/venator/matsyota/matsyota_ws/install/matsyota_controller/lib/pkgconfig/matsyota_controller.pc'
[1.418s] Level 1:colcon.colcon_core.environment:checking '/home/venator/matsyota/matsyota_ws/install/matsyota_controller/lib/python3.10/site-packages'
[1.418s] Level 1:colcon.colcon_core.shell:create_environment_hook('matsyota_controller', 'pythonpath')
[1.418s] INFO:colcon.colcon_core.shell:Creating environment hook '/home/venator/matsyota/matsyota_ws/install/matsyota_controller/share/matsyota_controller/hook/pythonpath.ps1'
[1.418s] INFO:colcon.colcon_core.shell:Creating environment descriptor '/home/venator/matsyota/matsyota_ws/install/matsyota_controller/share/matsyota_controller/hook/pythonpath.dsv'
[1.419s] INFO:colcon.colcon_core.shell:Creating environment hook '/home/venator/matsyota/matsyota_ws/install/matsyota_controller/share/matsyota_controller/hook/pythonpath.sh'
[1.419s] Level 1:colcon.colcon_core.environment:checking '/home/venator/matsyota/matsyota_ws/install/matsyota_controller/bin'
[1.419s] Level 1:colcon.colcon_core.environment:create_environment_scripts_only(matsyota_controller)
[1.419s] INFO:colcon.colcon_core.shell:Creating package script '/home/venator/matsyota/matsyota_ws/install/matsyota_controller/share/matsyota_controller/package.ps1'
[1.419s] INFO:colcon.colcon_core.shell:Creating package descriptor '/home/venator/matsyota/matsyota_ws/install/matsyota_controller/share/matsyota_controller/package.dsv'
[1.420s] INFO:colcon.colcon_core.shell:Creating package script '/home/venator/matsyota/matsyota_ws/install/matsyota_controller/share/matsyota_controller/package.sh'
[1.420s] INFO:colcon.colcon_core.shell:Creating package script '/home/venator/matsyota/matsyota_ws/install/matsyota_controller/share/matsyota_controller/package.bash'
[1.420s] INFO:colcon.colcon_core.shell:Creating package script '/home/venator/matsyota/matsyota_ws/install/matsyota_controller/share/matsyota_controller/package.zsh'
[1.420s] Level 1:colcon.colcon_core.environment:create_file_with_runtime_dependencies(/home/venator/matsyota/matsyota_ws/install/matsyota_controller/share/colcon-core/packages/matsyota_controller)
[2.633s] DEBUG:colcon.colcon_core.event_handler.log_command:Invoked command in '/home/venator/matsyota/matsyota_ws/build/matsyota_simulator' returned '0': CMAKE_PREFIX_PATH=${CMAKE_PREFIX_PATH}:/home/venator/turtlebot3_ws/install/turtlebot3_teleop:/home/venator/turtlebot3_ws/install/turtlebot3_example:/opt/ros/humble /usr/bin/cmake /home/venator/matsyota/matsyota_ws/src/matsyota_simulator -DAMENT_CMAKE_SYMLINK_INSTALL=1 -DCMAKE_INSTALL_PREFIX=/home/venator/matsyota/matsyota_ws/install/matsyota_simulator
[2.635s] DEBUG:colcon.colcon_core.event_handler.log_command:Invoking command in '/home/venator/matsyota/matsyota_ws/build/matsyota_simulator': CMAKE_PREFIX_PATH=${CMAKE_PREFIX_PATH}:/home/venator/turtlebot3_ws/install/turtlebot3_teleop:/home/venator/turtlebot3_ws/install/turtlebot3_example:/opt/ros/humble /usr/bin/cmake --build /home/venator/matsyota/matsyota_ws/build/matsyota_simulator -- -j6 -l6
[2.666s] DEBUG:colcon.colcon_core.event_handler.log_command:Invoked command in '/home/venator/matsyota/matsyota_ws/build/matsyota_simulator' returned '0': CMAKE_PREFIX_PATH=${CMAKE_PREFIX_PATH}:/home/venator/turtlebot3_ws/install/turtlebot3_teleop:/home/venator/turtlebot3_ws/install/turtlebot3_example:/opt/ros/humble /usr/bin/cmake --build /home/venator/matsyota/matsyota_ws/build/matsyota_simulator -- -j6 -l6
[2.677s] DEBUG:colcon.colcon_core.event_handler.log_command:Invoking command in '/home/venator/matsyota/matsyota_ws/build/matsyota_simulator': CMAKE_PREFIX_PATH=${CMAKE_PREFIX_PATH}:/home/venator/turtlebot3_ws/install/turtlebot3_teleop:/home/venator/turtlebot3_ws/install/turtlebot3_example:/opt/ros/humble /usr/bin/cmake --install /home/venator/matsyota/matsyota_ws/build/matsyota_simulator
[2.815s] Level 1:colcon.colcon_core.environment:create_environment_scripts_only(matsyota_simulator)
[2.815s] DEBUG:colcon.colcon_core.event_handler.log_command:Invoked command in '/home/venator/matsyota/matsyota_ws/build/matsyota_simulator' returned '0': CMAKE_PREFIX_PATH=${CMAKE_PREFIX_PATH}:/home/venator/turtlebot3_ws/install/turtlebot3_teleop:/home/venator/turtlebot3_ws/install/turtlebot3_example:/opt/ros/humble /usr/bin/cmake --install /home/venator/matsyota/matsyota_ws/build/matsyota_simulator
[2.815s] Level 1:colcon.colcon_core.environment:checking '/home/venator/matsyota/matsyota_ws/install/matsyota_simulator' for CMake module files
[2.816s] Level 1:colcon.colcon_core.environment:checking '/home/venator/matsyota/matsyota_ws/install/matsyota_simulator' for CMake config files
[2.816s] Level 1:colcon.colcon_core.shell:create_environment_hook('matsyota_simulator', 'cmake_prefix_path')
[2.816s] INFO:colcon.colcon_core.shell:Creating environment hook '/home/venator/matsyota/matsyota_ws/install/matsyota_simulator/share/matsyota_simulator/hook/cmake_prefix_path.ps1'
[2.816s] INFO:colcon.colcon_core.shell:Creating environment descriptor '/home/venator/matsyota/matsyota_ws/install/matsyota_simulator/share/matsyota_simulator/hook/cmake_prefix_path.dsv'
[2.816s] INFO:colcon.colcon_core.shell:Creating environment hook '/home/venator/matsyota/matsyota_ws/install/matsyota_simulator/share/matsyota_simulator/hook/cmake_prefix_path.sh'
[2.817s] Level 1:colcon.colcon_core.environment:checking '/home/venator/matsyota/matsyota_ws/install/matsyota_simulator/bin'
[2.817s] Level 1:colcon.colcon_core.environment:checking '/home/venator/matsyota/matsyota_ws/install/matsyota_simulator/lib/pkgconfig/matsyota_simulator.pc'
[2.817s] Level 1:colcon.colcon_core.environment:checking '/home/venator/matsyota/matsyota_ws/install/matsyota_simulator/lib/python3.10/site-packages'
[2.817s] Level 1:colcon.colcon_core.environment:checking '/home/venator/matsyota/matsyota_ws/install/matsyota_simulator/bin'
[2.817s] INFO:colcon.colcon_core.shell:Creating package script '/home/venator/matsyota/matsyota_ws/install/matsyota_simulator/share/matsyota_simulator/package.ps1'
[2.818s] INFO:colcon.colcon_core.shell:Creating package descriptor '/home/venator/matsyota/matsyota_ws/install/matsyota_simulator/share/matsyota_simulator/package.dsv'
[2.818s] INFO:colcon.colcon_core.shell:Creating package script '/home/venator/matsyota/matsyota_ws/install/matsyota_simulator/share/matsyota_simulator/package.sh'
[2.818s] INFO:colcon.colcon_core.shell:Creating package script '/home/venator/matsyota/matsyota_ws/install/matsyota_simulator/share/matsyota_simulator/package.bash'
[2.818s] INFO:colcon.colcon_core.shell:Creating package script '/home/venator/matsyota/matsyota_ws/install/matsyota_simulator/share/matsyota_simulator/package.zsh'
[2.818s] Level 1:colcon.colcon_core.environment:create_file_with_runtime_dependencies(/home/venator/matsyota/matsyota_ws/install/matsyota_simulator/share/colcon-core/packages/matsyota_simulator)
[2.819s] Level 1:colcon.colcon_core.environment:create_environment_scripts_only(matsyota_simulator)
[2.819s] Level 1:colcon.colcon_core.environment:checking '/home/venator/matsyota/matsyota_ws/install/matsyota_simulator' for CMake module files
[2.819s] Level 1:colcon.colcon_core.environment:checking '/home/venator/matsyota/matsyota_ws/install/matsyota_simulator' for CMake config files
[2.820s] Level 1:colcon.colcon_core.shell:create_environment_hook('matsyota_simulator', 'cmake_prefix_path')
[2.820s] INFO:colcon.colcon_core.shell:Creating environment hook '/home/venator/matsyota/matsyota_ws/install/matsyota_simulator/share/matsyota_simulator/hook/cmake_prefix_path.ps1'
[2.820s] INFO:colcon.colcon_core.shell:Creating environment descriptor '/home/venator/matsyota/matsyota_ws/install/matsyota_simulator/share/matsyota_simulator/hook/cmake_prefix_path.dsv'
[2.820s] INFO:colcon.colcon_core.shell:Creating environment hook '/home/venator/matsyota/matsyota_ws/install/matsyota_simulator/share/matsyota_simulator/hook/cmake_prefix_path.sh'
[2.821s] Level 1:colcon.colcon_core.environment:checking '/home/venator/matsyota/matsyota_ws/install/matsyota_simulator/bin'
[2.821s] Level 1:colcon.colcon_core.environment:checking '/home/venator/matsyota/matsyota_ws/install/matsyota_simulator/lib/pkgconfig/matsyota_simulator.pc'
[2.821s] Level 1:colcon.colcon_core.environment:checking '/home/venator/matsyota/matsyota_ws/install/matsyota_simulator/lib/python3.10/site-packages'
[2.821s] Level 1:colcon.colcon_core.environment:checking '/home/venator/matsyota/matsyota_ws/install/matsyota_simulator/bin'
[2.822s] INFO:colcon.colcon_core.shell:Creating package script '/home/venator/matsyota/matsyota_ws/install/matsyota_simulator/share/matsyota_simulator/package.ps1'
[2.822s] INFO:colcon.colcon_core.shell:Creating package descriptor '/home/venator/matsyota/matsyota_ws/install/matsyota_simulator/share/matsyota_simulator/package.dsv'
[2.822s] INFO:colcon.colcon_core.shell:Creating package script '/home/venator/matsyota/matsyota_ws/install/matsyota_simulator/share/matsyota_simulator/package.sh'
[2.823s] INFO:colcon.colcon_core.shell:Creating package script '/home/venator/matsyota/matsyota_ws/install/matsyota_simulator/share/matsyota_simulator/package.bash'
[2.823s] INFO:colcon.colcon_core.shell:Creating package script '/home/venator/matsyota/matsyota_ws/install/matsyota_simulator/share/matsyota_simulator/package.zsh'
[2.824s] Level 1:colcon.colcon_core.environment:create_file_with_runtime_dependencies(/home/venator/matsyota/matsyota_ws/install/matsyota_simulator/share/colcon-core/packages/matsyota_simulator)
[2.824s] DEBUG:colcon.colcon_parallel_executor.executor.parallel:closing loop
[2.824s] DEBUG:colcon.colcon_parallel_executor.executor.parallel:loop closed
[2.824s] DEBUG:colcon.colcon_parallel_executor.executor.parallel:run_until_complete finished with '0'
[2.824s] DEBUG:colcon.colcon_core.event_reactor:joining thread
[2.831s] INFO:colcon.colcon_core.plugin_system:Skipping extension 'colcon_notification.desktop_notification.terminal_notifier': Not used on non-Darwin systems
[2.831s] INFO:colcon.colcon_core.plugin_system:Skipping extension 'colcon_notification.desktop_notification.win32': Not used on non-Windows systems
[2.831s] INFO:colcon.colcon_notification.desktop_notification:Sending desktop notification using 'notify2'
[2.843s] DEBUG:colcon.colcon_core.event_reactor:joined thread
[2.844s] INFO:colcon.colcon_core.shell:Creating prefix script '/home/venator/matsyota/matsyota_ws/install/local_setup.ps1'
[2.845s] INFO:colcon.colcon_core.shell:Creating prefix util module '/home/venator/matsyota/matsyota_ws/install/_local_setup_util_ps1.py'
[2.846s] INFO:colcon.colcon_core.shell:Creating prefix chain script '/home/venator/matsyota/matsyota_ws/install/setup.ps1'
[2.847s] INFO:colcon.colcon_core.shell:Creating prefix script '/home/venator/matsyota/matsyota_ws/install/local_setup.sh'
[2.848s] INFO:colcon.colcon_core.shell:Creating prefix util module '/home/venator/matsyota/matsyota_ws/install/_local_setup_util_sh.py'
[2.849s] INFO:colcon.colcon_core.shell:Creating prefix chain script '/home/venator/matsyota/matsyota_ws/install/setup.sh'
[2.850s] INFO:colcon.colcon_core.shell:Creating prefix script '/home/venator/matsyota/matsyota_ws/install/local_setup.bash'
[2.850s] INFO:colcon.colcon_core.shell:Creating prefix chain script '/home/venator/matsyota/matsyota_ws/install/setup.bash'
[2.851s] INFO:colcon.colcon_core.shell:Creating prefix script '/home/venator/matsyota/matsyota_ws/install/local_setup.zsh'
[2.852s] INFO:colcon.colcon_core.shell:Creating prefix chain script '/home/venator/matsyota/matsyota_ws/install/setup.zsh'
