[0.357s] Invoking command in '/home/venator/matsyota/matsyota_ws/build/matsyota_simulator': /usr/bin/cmake /home/venator/matsyota/matsyota_ws/src/matsyota_simulator -DCMAKE_INSTALL_PREFIX=/home/venator/matsyota/matsyota_ws/install/matsyota_simulator
[0.447s] -- The C compiler identification is GNU 11.4.0
[0.511s] -- The CXX compiler identification is GNU 11.4.0
[0.518s] -- Detecting C compiler ABI info
[0.567s] -- Detecting C compiler ABI info - done
[0.572s] -- Check for working C compiler: /usr/bin/cc - skipped
[0.572s] -- Detecting C compile features
[0.573s] -- Detecting C compile features - done
[0.575s] -- Detecting CXX compiler ABI info
[0.631s] -- Detecting CXX compiler ABI info - done
[0.636s] -- Check for working CXX compiler: /usr/bin/c++ - skipped
[0.636s] -- Detecting CXX compile features
[0.637s] -- Detecting CXX compile features - done
[0.643s] -- Found ament_cmake: 1.3.12 (/opt/ros/humble/share/ament_cmake/cmake)
[0.757s] -- Found Python3: /usr/bin/python3 (found version "3.10.12") found components: Interpreter 
[0.847s] -- Found rclcpp: 16.0.14 (/opt/ros/humble/share/rclcpp/cmake)
[0.893s] -- Found rosidl_generator_c: 3.1.7 (/opt/ros/humble/share/rosidl_generator_c/cmake)
[0.898s] -- Found rosidl_adapter: 3.1.7 (/opt/ros/humble/share/rosidl_adapter/cmake)
[0.907s] -- Found rosidl_generator_cpp: 3.1.7 (/opt/ros/humble/share/rosidl_generator_cpp/cmake)
[0.921s] -- Using all available rosidl_typesupport_c: rosidl_typesupport_fastrtps_c;rosidl_typesupport_introspection_c
[0.937s] -- Using all available rosidl_typesupport_cpp: rosidl_typesupport_fastrtps_cpp;rosidl_typesupport_introspection_cpp
[0.983s] -- Found rmw_implementation_cmake: 6.1.2 (/opt/ros/humble/share/rmw_implementation_cmake/cmake)
[0.986s] -- Found rmw_fastrtps_cpp: 6.2.8 (/opt/ros/humble/share/rmw_fastrtps_cpp/cmake)
[1.054s] -- Found OpenSSL: /usr/lib/x86_64-linux-gnu/libcrypto.so (found version "3.0.2")  
[1.074s] -- Found FastRTPS: /opt/ros/humble/include  
[1.102s] -- Using RMW implementation 'rmw_fastrtps_cpp' as default
[1.112s] -- Looking for pthread.h
[1.164s] -- Looking for pthread.h - found
[1.165s] -- Performing Test CMAKE_HAVE_LIBC_PTHREAD
[1.211s] -- Performing Test CMAKE_HAVE_LIBC_PTHREAD - Success
[1.212s] -- Found Threads: TRUE  
[1.259s] -- Found gazebo_ros: 3.9.0 (/opt/ros/humble/share/gazebo_ros/cmake)
[1.269s] -- Found PkgConfig: /usr/bin/pkg-config (found version "0.29.2") 
[1.270s] -- Checking for module 'bullet>=2.82'
[1.278s] --   Found bullet, version 3.05
[1.351s] -- Found fcl: /usr/include (found suitable version "0.7.0", minimum required is "0.5.0") 
[1.383s] -- Found assimp: /usr/include (found version "5.2.0") 
[1.401s] -- Found DART: /usr/include (Required is at least version "6.6") found components: dart 
[1.421s] -- Found Boost: /usr/lib/x86_64-linux-gnu/cmake/Boost-1.74.0/BoostConfig.cmake (found suitable version "1.74.0", minimum required is "1.40.0") found components: thread system filesystem program_options regex iostreams date_time 
[1.435s] -- Found Protobuf: /usr/lib/x86_64-linux-gnu/libprotobuf.so (found version "3.12.4") 
[1.441s] -- Looking for ignition-math6 -- found version 6.15.1
[1.449s] -- Searching for dependencies of ignition-math6
[1.451s] -- Looking for OGRE...
[1.451s] -- OGRE_PREFIX_WATCH changed.
[1.454s] -- Checking for module 'OGRE'
[1.462s] --   Found OGRE, version 1.9.0
[1.483s] -- Found Ogre Ghadamon (1.9.0)
[1.490s] -- Found OGRE: optimized;/usr/lib/x86_64-linux-gnu/libOgreMain.so;debug;/usr/lib/x86_64-linux-gnu/libOgreMain.so
[1.496s] -- Looking for OGRE_Paging...
[1.501s] -- Found OGRE_Paging: optimized;/usr/lib/x86_64-linux-gnu/libOgrePaging.so;debug;/usr/lib/x86_64-linux-gnu/libOgrePaging.so
[1.501s] -- Looking for OGRE_Terrain...
[1.505s] -- Found OGRE_Terrain: optimized;/usr/lib/x86_64-linux-gnu/libOgreTerrain.so;debug;/usr/lib/x86_64-linux-gnu/libOgreTerrain.so
[1.505s] -- Looking for OGRE_Property...
[1.509s] -- Found OGRE_Property: optimized;/usr/lib/x86_64-linux-gnu/libOgreProperty.so;debug;/usr/lib/x86_64-linux-gnu/libOgreProperty.so
[1.509s] -- Looking for OGRE_RTShaderSystem...
[1.513s] -- Found OGRE_RTShaderSystem: optimized;/usr/lib/x86_64-linux-gnu/libOgreRTShaderSystem.so;debug;/usr/lib/x86_64-linux-gnu/libOgreRTShaderSystem.so
[1.513s] -- Looking for OGRE_Volume...
[1.517s] -- Found OGRE_Volume: optimized;/usr/lib/x86_64-linux-gnu/libOgreVolume.so;debug;/usr/lib/x86_64-linux-gnu/libOgreVolume.so
[1.517s] -- Looking for OGRE_Overlay...
[1.521s] -- Found OGRE_Overlay: optimized;/usr/lib/x86_64-linux-gnu/libOgreOverlay.so;debug;/usr/lib/x86_64-linux-gnu/libOgreOverlay.so
[1.606s] -- Looking for ignition-math6 -- found version 6.15.1
[1.609s] -- Looking for ignition-transport8 -- found version 8.2.1
[1.609s] -- Searching for dependencies of ignition-transport8
[1.622s] -- Found Protobuf: /usr/lib/x86_64-linux-gnu/libprotobuf.so (found suitable version "3.12.4", minimum required is "3") 
[1.630s] -- Config-file not installed for ZeroMQ -- checking for pkg-config
[1.633s] -- Checking for module 'libzmq >= 4'
[1.643s] --   Found libzmq , version 4.3.4
[1.666s] -- Found ZeroMQ: TRUE (Required is at least version "4") 
[1.670s] -- Checking for module 'uuid'
[1.678s] --   Found uuid, version 2.37.2
[1.718s] -- Found UUID: TRUE  
[1.722s] -- Looking for ignition-msgs5 -- found version 5.8.1
[1.722s] -- Searching for dependencies of ignition-msgs5
[1.736s] -- Looking for ignition-math6 -- found version 6.15.1
[1.739s] -- Checking for module 'tinyxml2'
[1.747s] --   Found tinyxml2, version 9.0.0
[1.769s] -- Looking for ignition-msgs5 -- found version 5.8.1
[1.772s] -- Looking for ignition-common3 -- found version 3.14.0
[1.772s] -- Searching for dependencies of ignition-common3
[1.772s] -- Looking for dlfcn.h - found
[1.773s] -- Looking for libdl - found
[1.774s] -- Found DL: TRUE  
[1.782s] -- Found tinyobjloader: /usr/lib/x86_64-linux-gnu/cmake/tinyobjloader/tinyobjloader-config.cmake (found version "2.0.0") 
[1.783s] -- Searching for <ignition-common3> component [graphics]
[1.785s] -- Looking for ignition-common3-graphics -- found version 3.14.0
[1.785s] -- Searching for dependencies of ignition-common3-graphics
[1.786s] -- Looking for ignition-math6 -- found version 6.15.1
[1.789s] -- Looking for ignition-fuel_tools4 -- found version 4.4.0
[1.789s] -- Searching for dependencies of ignition-fuel_tools4
[1.839s] -- Found CURL: /usr/lib/x86_64-linux-gnu/libcurl.so (found version "7.81.0")  
[1.846s] -- Checking for module 'jsoncpp'
[1.854s] --   Found jsoncpp, version 1.9.5
[1.874s] -- Found JSONCPP: TRUE  
[1.877s] -- Checking for module 'libzip'
[1.885s] --   Found libzip, version 1.7.3
[1.905s] -- Found ZIP: TRUE  
[1.906s] -- Looking for ignition-common3 -- found version 3.14.0
[1.906s] -- Looking for ignition-math6 -- found version 6.15.1
[1.906s] -- Looking for ignition-msgs5 -- found version 5.8.1
[1.910s] -- Gazebo version: 11.10
[1.910s] -- Checking for module 'tbb'
[1.919s] --   Found tbb, version 2021.5.0
[1.942s] -- Found robot_state_publisher: 3.0.3 (/opt/ros/humble/share/robot_state_publisher/cmake)
[1.966s] -- Found eigen3_cmake_module: 0.1.1 (/opt/ros/humble/share/eigen3_cmake_module/cmake)
[1.967s] -- Found Eigen3: TRUE (found version "3.4.0") 
[1.967s] -- Ensuring Eigen3 include directory is part of orocos-kdl CMake target
[2.100s] -- Found xacro: 2.1.1 (/opt/ros/humble/share/xacro/cmake)
[2.103s] -- Found ament_lint_auto: 0.12.14 (/opt/ros/humble/share/ament_lint_auto/cmake)
[2.138s] Error parsing '/home/venator/matsyota/matsyota_ws/src/matsyota_simulator/package.xml':
[2.168s] Traceback (most recent call last):
[2.168s]   File "/opt/ros/humble/share/ament_cmake_core/cmake/core/package_xml_2_cmake.py", line 150, in <module>
[2.168s]     main()
[2.168s]   File "/opt/ros/humble/share/ament_cmake_core/cmake/core/package_xml_2_cmake.py", line 53, in main
[2.168s]     raise e
[2.168s]   File "/opt/ros/humble/share/ament_cmake_core/cmake/core/package_xml_2_cmake.py", line 49, in main
[2.168s]     package = parse_package_string(
[2.168s]   File "/usr/lib/python3/dist-packages/catkin_pkg/package.py", line 788, in parse_package_string
[2.169s]     pkg.validate(warnings=warnings)
[2.169s]   File "/usr/lib/python3/dist-packages/catkin_pkg/package.py", line 330, in validate
[2.169s]     raise InvalidPackage('\n'.join(errors), self.filename)
[2.169s] catkin_pkg.package.InvalidPackage: Error(s) in package '/home/venator/matsyota/matsyota_ws/src/matsyota_simulator/package.xml':
[2.169s] Invalid email "bot" for person "venator"
[2.179s] [31mCMake Error at /opt/ros/humble/share/ament_cmake_core/cmake/core/ament_package_xml.cmake:95 (message):
[2.179s]   execute_process(/usr/bin/python3
[2.179s]   /opt/ros/humble/share/ament_cmake_core/cmake/core/package_xml_2_cmake.py
[2.179s]   /home/venator/matsyota/matsyota_ws/src/matsyota_simulator/package.xml
[2.179s]   /home/venator/matsyota/matsyota_ws/build/matsyota_simulator/ament_cmake_core/package.cmake)
[2.179s]   returned error code 1
[2.179s] Call Stack (most recent call first):
[2.179s]   /opt/ros/humble/share/ament_cmake_core/cmake/core/ament_package_xml.cmake:49 (_ament_package_xml)
[2.179s]   /opt/ros/humble/share/ament_lint_auto/cmake/ament_lint_auto_find_test_dependencies.cmake:31 (ament_package_xml)
[2.179s]   CMakeLists.txt:24 (ament_lint_auto_find_test_dependencies)
[2.179s] 
[2.179s] [0m
[2.179s] -- Configuring incomplete, errors occurred!
[2.179s] See also "/home/venator/matsyota/matsyota_ws/build/matsyota_simulator/CMakeFiles/CMakeOutput.log".
[2.189s] Invoked command in '/home/venator/matsyota/matsyota_ws/build/matsyota_simulator' returned '1': /usr/bin/cmake /home/venator/matsyota/matsyota_ws/src/matsyota_simulator -DCMAKE_INSTALL_PREFIX=/home/venator/matsyota/matsyota_ws/install/matsyota_simulator
