-- Install configuration: ""
-- Up-to-date: /home/venator/matsyota/install/matsyota_simulator/share/matsyota_simulator/launch
-- Up-to-date: /home/venator/matsyota/install/matsyota_simulator/share/matsyota_simulator/launch/swarm.launch.py
-- Installing: /home/venator/matsyota/install/matsyota_simulator/share/matsyota_simulator/launch/master.launch.py
-- Up-to-date: /home/venator/matsyota/install/matsyota_simulator/share/matsyota_simulator/urdf
-- Up-to-date: /home/venator/matsyota/install/matsyota_simulator/share/matsyota_simulator/urdf/asv.urdf.xacro
-- Up-to-date: /home/venator/matsyota/install/matsyota_simulator/share/matsyota_simulator/worlds
-- Up-to-date: /home/venator/matsyota/install/matsyota_simulator/share/matsyota_simulator/worlds/empty_water.world
-- Up-to-date: /home/venator/matsyota/install/matsyota_simulator/share/matsyota_simulator/config
-- Up-to-date: /home/venator/matsyota/install/matsyota_simulator/share/ament_index/resource_index/package_run_dependencies/matsyota_simulator
-- Up-to-date: /home/venator/matsyota/install/matsyota_simulator/share/ament_index/resource_index/parent_prefix_path/matsyota_simulator
-- Up-to-date: /home/venator/matsyota/install/matsyota_simulator/share/matsyota_simulator/environment/ament_prefix_path.sh
-- Up-to-date: /home/venator/matsyota/install/matsyota_simulator/share/matsyota_simulator/environment/ament_prefix_path.dsv
-- Up-to-date: /home/venator/matsyota/install/matsyota_simulator/share/matsyota_simulator/environment/path.sh
-- Up-to-date: /home/venator/matsyota/install/matsyota_simulator/share/matsyota_simulator/environment/path.dsv
-- Up-to-date: /home/venator/matsyota/install/matsyota_simulator/share/matsyota_simulator/local_setup.bash
-- Up-to-date: /home/venator/matsyota/install/matsyota_simulator/share/matsyota_simulator/local_setup.sh
-- Up-to-date: /home/venator/matsyota/install/matsyota_simulator/share/matsyota_simulator/local_setup.zsh
-- Up-to-date: /home/venator/matsyota/install/matsyota_simulator/share/matsyota_simulator/local_setup.dsv
-- Up-to-date: /home/venator/matsyota/install/matsyota_simulator/share/matsyota_simulator/package.dsv
-- Up-to-date: /home/venator/matsyota/install/matsyota_simulator/share/ament_index/resource_index/packages/matsyota_simulator
-- Up-to-date: /home/venator/matsyota/install/matsyota_simulator/share/matsyota_simulator/cmake/matsyota_simulatorConfig.cmake
-- Up-to-date: /home/venator/matsyota/install/matsyota_simulator/share/matsyota_simulator/cmake/matsyota_simulatorConfig-version.cmake
-- Up-to-date: /home/venator/matsyota/install/matsyota_simulator/share/matsyota_simulator/package.xml
