[0.726s] Invoking command in '/home/venator/matsyota/matsyota_ws/src/matsyota_controller': PYTHONPATH=/home/venator/matsyota/build/matsyota_controller/prefix_override:/usr/lib/python3/dist-packages/colcon_core/task/python/colcon_distutils_commands:/home/venator/matsyota/install/matsyota_controller/lib/python3.10/site-packages:${PYTHONPATH} /usr/bin/python3 -W ignore:setup.py install is deprecated -W ignore:easy_install command is deprecated setup.py egg_info --egg-base ../../../build/matsyota_controller build --build-base /home/venator/matsyota/build/matsyota_controller/build install --record /home/venator/matsyota/build/matsyota_controller/install.log --single-version-externally-managed install_data
[0.921s] running egg_info
[0.922s] writing ../../../build/matsyota_controller/matsyota_controller.egg-info/PKG-INFO
[0.922s] writing dependency_links to ../../../build/matsyota_controller/matsyota_controller.egg-info/dependency_links.txt
[0.922s] writing entry points to ../../../build/matsyota_controller/matsyota_controller.egg-info/entry_points.txt
[0.922s] writing requirements to ../../../build/matsyota_controller/matsyota_controller.egg-info/requires.txt
[0.922s] writing top-level names to ../../../build/matsyota_controller/matsyota_controller.egg-info/top_level.txt
[0.924s] reading manifest file '../../../build/matsyota_controller/matsyota_controller.egg-info/SOURCES.txt'
[0.925s] writing manifest file '../../../build/matsyota_controller/matsyota_controller.egg-info/SOURCES.txt'
[0.925s] running build
[0.925s] running build_py
[0.925s] copying matsyota_controller/matsyota_commander.py -> /home/venator/matsyota/build/matsyota_controller/build/lib/matsyota_controller
[0.925s] running install
[0.926s] running install_lib
[0.926s] copying /home/venator/matsyota/build/matsyota_controller/build/lib/matsyota_controller/matsyota_commander.py -> /home/venator/matsyota/install/matsyota_controller/lib/python3.10/site-packages/matsyota_controller
[0.927s] byte-compiling /home/venator/matsyota/install/matsyota_controller/lib/python3.10/site-packages/matsyota_controller/matsyota_commander.py to matsyota_commander.cpython-310.pyc
[0.928s] running install_data
[0.928s] running install_egg_info
[0.929s] removing '/home/venator/matsyota/install/matsyota_controller/lib/python3.10/site-packages/matsyota_controller-0.0.0-py3.10.egg-info' (and everything under it)
[0.931s] Copying ../../../build/matsyota_controller/matsyota_controller.egg-info to /home/venator/matsyota/install/matsyota_controller/lib/python3.10/site-packages/matsyota_controller-0.0.0-py3.10.egg-info
[0.932s] running install_scripts
[0.949s] Installing feed_dispersion_mapper script to /home/venator/matsyota/install/matsyota_controller/lib/matsyota_controller
[0.949s] Installing matsyota_commander script to /home/venator/matsyota/install/matsyota_controller/lib/matsyota_controller
[0.949s] writing list of installed files to '/home/venator/matsyota/build/matsyota_controller/install.log'
[0.980s] Invoked command in '/home/venator/matsyota/matsyota_ws/src/matsyota_controller' returned '0': PYTHONPATH=/home/venator/matsyota/build/matsyota_controller/prefix_override:/usr/lib/python3/dist-packages/colcon_core/task/python/colcon_distutils_commands:/home/venator/matsyota/install/matsyota_controller/lib/python3.10/site-packages:${PYTHONPATH} /usr/bin/python3 -W ignore:setup.py install is deprecated -W ignore:easy_install command is deprecated setup.py egg_info --egg-base ../../../build/matsyota_controller build --build-base /home/venator/matsyota/build/matsyota_controller/build install --record /home/venator/matsyota/build/matsyota_controller/install.log --single-version-externally-managed install_data
