[0.384s] Invoking command in '/home/venator/matsyota/matsyota_ws/build/matsyota_simulator': CMAKE_PREFIX_PATH=${CMAKE_PREFIX_PATH}:/home/venator/matsyota/matsyota_ws/install/matsyota_controller:/home/venator/matsyota/matsyota_ws/install/matsyota_agent:/home/venator/turtlebot3_ws/install/turtlebot3_teleop:/home/venator/turtlebot3_ws/install/turtlebot3_example:/opt/ros/humble /usr/bin/cmake /home/venator/matsyota/matsyota_ws/src/matsyota_simulator -DCMAKE_INSTALL_PREFIX=/home/venator/matsyota/matsyota_ws/install/matsyota_simulator
[0.393s] -- Found ament_cmake: 1.3.12 (/opt/ros/humble/share/ament_cmake/cmake)
[0.484s] -- Override CMake install command with custom implementation using symlinks instead of copying resources
[0.488s] -- Found rclcpp: 16.0.14 (/opt/ros/humble/share/rclcpp/cmake)
[0.507s] -- Found rosidl_generator_c: 3.1.7 (/opt/ros/humble/share/rosidl_generator_c/cmake)
[0.509s] -- Found rosidl_adapter: 3.1.7 (/opt/ros/humble/share/rosidl_adapter/cmake)
[0.513s] -- Found rosidl_generator_cpp: 3.1.7 (/opt/ros/humble/share/rosidl_generator_cpp/cmake)
[0.519s] -- Using all available rosidl_typesupport_c: rosidl_typesupport_fastrtps_c;rosidl_typesupport_introspection_c
[0.528s] -- Using all available rosidl_typesupport_cpp: rosidl_typesupport_fastrtps_cpp;rosidl_typesupport_introspection_cpp
[0.550s] -- Found rmw_implementation_cmake: 6.1.2 (/opt/ros/humble/share/rmw_implementation_cmake/cmake)
[0.551s] -- Found rmw_fastrtps_cpp: 6.2.8 (/opt/ros/humble/share/rmw_fastrtps_cpp/cmake)
[0.638s] -- Using RMW implementation 'rmw_fastrtps_cpp' as default
[0.673s] -- Found gazebo_ros: 3.9.0 (/opt/ros/humble/share/gazebo_ros/cmake)
[0.699s] -- Found DART: /usr/include (Required is at least version "6.6") found components: dart 
[0.719s] -- Found Protobuf: /usr/lib/x86_64-linux-gnu/libprotobuf.so (found version "3.12.4") 
[0.721s] -- Looking for ignition-math6 -- found version 6.15.1
[0.724s] -- Searching for dependencies of ignition-math6
[0.725s] -- Looking for OGRE...
[0.729s] -- Found Ogre Ghadamon (1.9.0)
[0.729s] -- Found OGRE: optimized;/usr/lib/x86_64-linux-gnu/libOgreMain.so;debug;/usr/lib/x86_64-linux-gnu/libOgreMain.so
[0.737s] -- Looking for OGRE_Paging...
[0.737s] -- Found OGRE_Paging: optimized;/usr/lib/x86_64-linux-gnu/libOgrePaging.so;debug;/usr/lib/x86_64-linux-gnu/libOgrePaging.so
[0.737s] -- Looking for OGRE_Terrain...
[0.737s] -- Found OGRE_Terrain: optimized;/usr/lib/x86_64-linux-gnu/libOgreTerrain.so;debug;/usr/lib/x86_64-linux-gnu/libOgreTerrain.so
[0.737s] -- Looking for OGRE_Property...
[0.737s] -- Found OGRE_Property: optimized;/usr/lib/x86_64-linux-gnu/libOgreProperty.so;debug;/usr/lib/x86_64-linux-gnu/libOgreProperty.so
[0.737s] -- Looking for OGRE_RTShaderSystem...
[0.737s] -- Found OGRE_RTShaderSystem: optimized;/usr/lib/x86_64-linux-gnu/libOgreRTShaderSystem.so;debug;/usr/lib/x86_64-linux-gnu/libOgreRTShaderSystem.so
[0.737s] -- Looking for OGRE_Volume...
[0.737s] -- Found OGRE_Volume: optimized;/usr/lib/x86_64-linux-gnu/libOgreVolume.so;debug;/usr/lib/x86_64-linux-gnu/libOgreVolume.so
[0.737s] -- Looking for OGRE_Overlay...
[0.737s] -- Found OGRE_Overlay: optimized;/usr/lib/x86_64-linux-gnu/libOgreOverlay.so;debug;/usr/lib/x86_64-linux-gnu/libOgreOverlay.so
[0.863s] -- Looking for ignition-math6 -- found version 6.15.1
[0.865s] -- Looking for ignition-transport8 -- found version 8.2.1
[0.865s] -- Searching for dependencies of ignition-transport8
[0.878s] -- Found Protobuf: /usr/lib/x86_64-linux-gnu/libprotobuf.so (found suitable version "3.12.4", minimum required is "3") 
[0.890s] -- Config-file not installed for ZeroMQ -- checking for pkg-config
[0.894s] -- Checking for module 'libzmq >= 4'
[0.906s] --   Found libzmq , version 4.3.4
[0.942s] -- Checking for module 'uuid'
[0.952s] --   Found uuid, version 2.37.2
[0.977s] -- Looking for ignition-msgs5 -- found version 5.8.1
[0.977s] -- Searching for dependencies of ignition-msgs5
[0.994s] -- Looking for ignition-math6 -- found version 6.15.1
[0.999s] -- Checking for module 'tinyxml2'
[1.012s] --   Found tinyxml2, version 9.0.0
[1.039s] -- Looking for ignition-msgs5 -- found version 5.8.1
[1.039s] -- Looking for ignition-common3 -- found version 3.14.0
[1.040s] -- Searching for dependencies of ignition-common3
[1.040s] -- Looking for dlfcn.h - found
[1.040s] -- Looking for libdl - found
[1.050s] -- Searching for <ignition-common3> component [graphics]
[1.050s] -- Looking for ignition-common3-graphics -- found version 3.14.0
[1.050s] -- Searching for dependencies of ignition-common3-graphics
[1.050s] -- Looking for ignition-math6 -- found version 6.15.1
[1.051s] -- Looking for ignition-fuel_tools4 -- found version 4.4.0
[1.051s] -- Searching for dependencies of ignition-fuel_tools4
[1.085s] -- Checking for module 'jsoncpp'
[1.097s] --   Found jsoncpp, version 1.9.5
[1.129s] -- Checking for module 'libzip'
[1.142s] --   Found libzip, version 1.7.3
[1.165s] -- Looking for ignition-common3 -- found version 3.14.0
[1.165s] -- Looking for ignition-math6 -- found version 6.15.1
[1.165s] -- Looking for ignition-msgs5 -- found version 5.8.1
[1.166s] -- Gazebo version: 11.10
[1.167s] -- Found robot_state_publisher: 3.0.3 (/opt/ros/humble/share/robot_state_publisher/cmake)
[1.178s] -- Found eigen3_cmake_module: 0.1.1 (/opt/ros/humble/share/eigen3_cmake_module/cmake)
[1.179s] -- Ensuring Eigen3 include directory is part of orocos-kdl CMake target
[1.265s] -- Found xacro: 2.1.1 (/opt/ros/humble/share/xacro/cmake)
[1.265s] -- Found ament_lint_auto: 0.12.14 (/opt/ros/humble/share/ament_lint_auto/cmake)
[1.324s] -- Added test 'flake8' to check Python code syntax and style conventions
[1.324s] -- Added test 'lint_cmake' to check CMake code style
[1.324s] -- Added test 'pep257' to check Python code against some of the docstring style conventions in PEP 257
[1.324s] -- Added test 'xmllint' to check XML markup files
[1.324s] -- Configuring done
[1.329s] -- Generating done
[1.331s] -- Build files have been written to: /home/venator/matsyota/matsyota_ws/build/matsyota_simulator
[1.342s] Invoked command in '/home/venator/matsyota/matsyota_ws/build/matsyota_simulator' returned '0': CMAKE_PREFIX_PATH=${CMAKE_PREFIX_PATH}:/home/venator/matsyota/matsyota_ws/install/matsyota_controller:/home/venator/matsyota/matsyota_ws/install/matsyota_agent:/home/venator/turtlebot3_ws/install/turtlebot3_teleop:/home/venator/turtlebot3_ws/install/turtlebot3_example:/opt/ros/humble /usr/bin/cmake /home/venator/matsyota/matsyota_ws/src/matsyota_simulator -DCMAKE_INSTALL_PREFIX=/home/venator/matsyota/matsyota_ws/install/matsyota_simulator
[1.344s] Invoking command in '/home/venator/matsyota/matsyota_ws/build/matsyota_simulator': CMAKE_PREFIX_PATH=${CMAKE_PREFIX_PATH}:/home/venator/matsyota/matsyota_ws/install/matsyota_controller:/home/venator/matsyota/matsyota_ws/install/matsyota_agent:/home/venator/turtlebot3_ws/install/turtlebot3_teleop:/home/venator/turtlebot3_ws/install/turtlebot3_example:/opt/ros/humble /usr/bin/cmake --build /home/venator/matsyota/matsyota_ws/build/matsyota_simulator -- -j6 -l6
[1.379s] Invoked command in '/home/venator/matsyota/matsyota_ws/build/matsyota_simulator' returned '0': CMAKE_PREFIX_PATH=${CMAKE_PREFIX_PATH}:/home/venator/matsyota/matsyota_ws/install/matsyota_controller:/home/venator/matsyota/matsyota_ws/install/matsyota_agent:/home/venator/turtlebot3_ws/install/turtlebot3_teleop:/home/venator/turtlebot3_ws/install/turtlebot3_example:/opt/ros/humble /usr/bin/cmake --build /home/venator/matsyota/matsyota_ws/build/matsyota_simulator -- -j6 -l6
[1.387s] Invoking command in '/home/venator/matsyota/matsyota_ws/build/matsyota_simulator': CMAKE_PREFIX_PATH=${CMAKE_PREFIX_PATH}:/home/venator/matsyota/matsyota_ws/install/matsyota_controller:/home/venator/matsyota/matsyota_ws/install/matsyota_agent:/home/venator/turtlebot3_ws/install/turtlebot3_teleop:/home/venator/turtlebot3_ws/install/turtlebot3_example:/opt/ros/humble /usr/bin/cmake --install /home/venator/matsyota/matsyota_ws/build/matsyota_simulator
[1.392s] -- Install configuration: ""
[1.393s] -- Execute custom install script
[1.393s] -- Up-to-date symlink: /home/venator/matsyota/matsyota_ws/install/matsyota_simulator/share/matsyota_simulator/launch/master.launch.py
[1.393s] -- Up-to-date symlink: /home/venator/matsyota/matsyota_ws/install/matsyota_simulator/share/matsyota_simulator/launch/swarm.launch.py
[1.393s] -- Up-to-date symlink: /home/venator/matsyota/matsyota_ws/install/matsyota_simulator/share/matsyota_simulator/urdf/asv.urdf.xacro
[1.393s] -- Up-to-date symlink: /home/venator/matsyota/matsyota_ws/install/matsyota_simulator/share/matsyota_simulator/worlds/empty_water.world
[1.393s] -- Up-to-date symlink: /home/venator/matsyota/matsyota_ws/install/matsyota_simulator/share/ament_index/resource_index/package_run_dependencies/matsyota_simulator
[1.393s] -- Up-to-date symlink: /home/venator/matsyota/matsyota_ws/install/matsyota_simulator/share/ament_index/resource_index/parent_prefix_path/matsyota_simulator
[1.393s] -- Up-to-date symlink: /home/venator/matsyota/matsyota_ws/install/matsyota_simulator/share/matsyota_simulator/environment/ament_prefix_path.sh
[1.394s] -- Up-to-date symlink: /home/venator/matsyota/matsyota_ws/install/matsyota_simulator/share/matsyota_simulator/environment/ament_prefix_path.dsv
[1.394s] -- Up-to-date symlink: /home/venator/matsyota/matsyota_ws/install/matsyota_simulator/share/matsyota_simulator/environment/path.sh
[1.394s] -- Up-to-date symlink: /home/venator/matsyota/matsyota_ws/install/matsyota_simulator/share/matsyota_simulator/environment/path.dsv
[1.394s] -- Up-to-date symlink: /home/venator/matsyota/matsyota_ws/install/matsyota_simulator/share/matsyota_simulator/local_setup.bash
[1.394s] -- Up-to-date symlink: /home/venator/matsyota/matsyota_ws/install/matsyota_simulator/share/matsyota_simulator/local_setup.sh
[1.394s] -- Up-to-date symlink: /home/venator/matsyota/matsyota_ws/install/matsyota_simulator/share/matsyota_simulator/local_setup.zsh
[1.394s] -- Up-to-date symlink: /home/venator/matsyota/matsyota_ws/install/matsyota_simulator/share/matsyota_simulator/local_setup.dsv
[1.394s] -- Symlinking: /home/venator/matsyota/matsyota_ws/install/matsyota_simulator/share/matsyota_simulator/package.dsv
[1.401s] -- Up-to-date symlink: /home/venator/matsyota/matsyota_ws/install/matsyota_simulator/share/ament_index/resource_index/packages/matsyota_simulator
[1.401s] -- Up-to-date symlink: /home/venator/matsyota/matsyota_ws/install/matsyota_simulator/share/matsyota_simulator/cmake/matsyota_simulatorConfig.cmake
[1.401s] -- Up-to-date symlink: /home/venator/matsyota/matsyota_ws/install/matsyota_simulator/share/matsyota_simulator/cmake/matsyota_simulatorConfig-version.cmake
[1.401s] -- Up-to-date symlink: /home/venator/matsyota/matsyota_ws/install/matsyota_simulator/share/matsyota_simulator/package.xml
[1.403s] Invoked command in '/home/venator/matsyota/matsyota_ws/build/matsyota_simulator' returned '0': CMAKE_PREFIX_PATH=${CMAKE_PREFIX_PATH}:/home/venator/matsyota/matsyota_ws/install/matsyota_controller:/home/venator/matsyota/matsyota_ws/install/matsyota_agent:/home/venator/turtlebot3_ws/install/turtlebot3_teleop:/home/venator/turtlebot3_ws/install/turtlebot3_example:/opt/ros/humble /usr/bin/cmake --install /home/venator/matsyota/matsyota_ws/build/matsyota_simulator
