[0.708s] Invoking command in '/home/venator/matsyota/matsyota_ws/build/matsyota_controller': PYTHONPATH=/home/venator/matsyota/matsyota_ws/build/matsyota_controller/prefix_override:/usr/lib/python3/dist-packages/colcon_core/task/python/colcon_distutils_commands:/home/venator/matsyota/matsyota_ws/install/matsyota_controller/lib/python3.10/site-packages:${PYTHONPATH} /usr/bin/python3 -W ignore:setup.py install is deprecated -W ignore:easy_install command is deprecated setup.py develop --uninstall --editable --build-directory /home/venator/matsyota/matsyota_ws/build/matsyota_controller/build
[0.926s] running develop
[1.080s] Removing /home/venator/matsyota/matsyota_ws/install/matsyota_controller/lib/python3.10/site-packages/matsyota-controller.egg-link (link to .)
[1.110s] Invoked command in '/home/venator/matsyota/matsyota_ws/build/matsyota_controller' returned '0': PYTHONPATH=/home/venator/matsyota/matsyota_ws/build/matsyota_controller/prefix_override:/usr/lib/python3/dist-packages/colcon_core/task/python/colcon_distutils_commands:/home/venator/matsyota/matsyota_ws/install/matsyota_controller/lib/python3.10/site-packages:${PYTHONPATH} /usr/bin/python3 -W ignore:setup.py install is deprecated -W ignore:easy_install command is deprecated setup.py develop --uninstall --editable --build-directory /home/venator/matsyota/matsyota_ws/build/matsyota_controller/build
[1.112s] Invoking command in '/home/venator/matsyota/matsyota_ws/src/matsyota_controller': PYTHONPATH=/home/venator/matsyota/matsyota_ws/build/matsyota_controller/prefix_override:/usr/lib/python3/dist-packages/colcon_core/task/python/colcon_distutils_commands:/home/venator/matsyota/matsyota_ws/install/matsyota_controller/lib/python3.10/site-packages:${PYTHONPATH} /usr/bin/python3 -W ignore:setup.py install is deprecated -W ignore:easy_install command is deprecated setup.py egg_info --egg-base ../../build/matsyota_controller build --build-base /home/venator/matsyota/matsyota_ws/build/matsyota_controller/build install --record /home/venator/matsyota/matsyota_ws/build/matsyota_controller/install.log --single-version-externally-managed install_data --force
[1.302s] running egg_info
[1.303s] writing ../../build/matsyota_controller/matsyota_controller.egg-info/PKG-INFO
[1.303s] writing dependency_links to ../../build/matsyota_controller/matsyota_controller.egg-info/dependency_links.txt
[1.303s] writing entry points to ../../build/matsyota_controller/matsyota_controller.egg-info/entry_points.txt
[1.303s] writing requirements to ../../build/matsyota_controller/matsyota_controller.egg-info/requires.txt
[1.303s] writing top-level names to ../../build/matsyota_controller/matsyota_controller.egg-info/top_level.txt
[1.304s] reading manifest file '../../build/matsyota_controller/matsyota_controller.egg-info/SOURCES.txt'
[1.305s] writing manifest file '../../build/matsyota_controller/matsyota_controller.egg-info/SOURCES.txt'
[1.305s] running build
[1.305s] running build_py
[1.305s] creating /home/venator/matsyota/matsyota_ws/build/matsyota_controller/build
[1.305s] creating /home/venator/matsyota/matsyota_ws/build/matsyota_controller/build/lib
[1.305s] creating /home/venator/matsyota/matsyota_ws/build/matsyota_controller/build/lib/matsyota_controller
[1.305s] copying matsyota_controller/matsyota_commander.py -> /home/venator/matsyota/matsyota_ws/build/matsyota_controller/build/lib/matsyota_controller
[1.305s] copying matsyota_controller/__init__.py -> /home/venator/matsyota/matsyota_ws/build/matsyota_controller/build/lib/matsyota_controller
[1.305s] running install
[1.306s] running install_lib
[1.306s] creating /home/venator/matsyota/matsyota_ws/install/matsyota_controller/lib/python3.10/site-packages/matsyota_controller
[1.306s] copying /home/venator/matsyota/matsyota_ws/build/matsyota_controller/build/lib/matsyota_controller/matsyota_commander.py -> /home/venator/matsyota/matsyota_ws/install/matsyota_controller/lib/python3.10/site-packages/matsyota_controller
[1.306s] copying /home/venator/matsyota/matsyota_ws/build/matsyota_controller/build/lib/matsyota_controller/__init__.py -> /home/venator/matsyota/matsyota_ws/install/matsyota_controller/lib/python3.10/site-packages/matsyota_controller
[1.307s] byte-compiling /home/venator/matsyota/matsyota_ws/install/matsyota_controller/lib/python3.10/site-packages/matsyota_controller/matsyota_commander.py to matsyota_commander.cpython-310.pyc
[1.308s] byte-compiling /home/venator/matsyota/matsyota_ws/install/matsyota_controller/lib/python3.10/site-packages/matsyota_controller/__init__.py to __init__.cpython-310.pyc
[1.308s] running install_data
[1.308s] copying resource/matsyota_controller -> /home/venator/matsyota/matsyota_ws/install/matsyota_controller/share/ament_index/resource_index/packages
[1.308s] copying package.xml -> /home/venator/matsyota/matsyota_ws/install/matsyota_controller/share/matsyota_controller
[1.308s] running install_egg_info
[1.309s] Copying ../../build/matsyota_controller/matsyota_controller.egg-info to /home/venator/matsyota/matsyota_ws/install/matsyota_controller/lib/python3.10/site-packages/matsyota_controller-0.0.0-py3.10.egg-info
[1.310s] running install_scripts
[1.328s] Installing feed_dispersion_mapper script to /home/venator/matsyota/matsyota_ws/install/matsyota_controller/lib/matsyota_controller
[1.328s] Installing matsyota_commander script to /home/venator/matsyota/matsyota_ws/install/matsyota_controller/lib/matsyota_controller
[1.328s] writing list of installed files to '/home/venator/matsyota/matsyota_ws/build/matsyota_controller/install.log'
[1.353s] Invoked command in '/home/venator/matsyota/matsyota_ws/src/matsyota_controller' returned '0': PYTHONPATH=/home/venator/matsyota/matsyota_ws/build/matsyota_controller/prefix_override:/usr/lib/python3/dist-packages/colcon_core/task/python/colcon_distutils_commands:/home/venator/matsyota/matsyota_ws/install/matsyota_controller/lib/python3.10/site-packages:${PYTHONPATH} /usr/bin/python3 -W ignore:setup.py install is deprecated -W ignore:easy_install command is deprecated setup.py egg_info --egg-base ../../build/matsyota_controller build --build-base /home/venator/matsyota/matsyota_ws/build/matsyota_controller/build install --record /home/venator/matsyota/matsyota_ws/build/matsyota_controller/install.log --single-version-externally-managed install_data --force
