running egg_info
creating ../../../build/matsyota_controller/matsyota_controller.egg-info
writing ../../../build/matsyota_controller/matsyota_controller.egg-info/PKG-INFO
writing dependency_links to ../../../build/matsyota_controller/matsyota_controller.egg-info/dependency_links.txt
writing entry points to ../../../build/matsyota_controller/matsyota_controller.egg-info/entry_points.txt
writing requirements to ../../../build/matsyota_controller/matsyota_controller.egg-info/requires.txt
writing top-level names to ../../../build/matsyota_controller/matsyota_controller.egg-info/top_level.txt
writing manifest file '../../../build/matsyota_controller/matsyota_controller.egg-info/SOURCES.txt'
reading manifest file '../../../build/matsyota_controller/matsyota_controller.egg-info/SOURCES.txt'
writing manifest file '../../../build/matsyota_controller/matsyota_controller.egg-info/SOURCES.txt'
running build
running build_py
creating /home/venator/matsyota/build/matsyota_controller/build
creating /home/venator/matsyota/build/matsyota_controller/build/lib
creating /home/venator/matsyota/build/matsyota_controller/build/lib/matsyota_controller
copying matsyota_controller/matsyota_commander.py -> /home/venator/matsyota/build/matsyota_controller/build/lib/matsyota_controller
copying matsyota_controller/__init__.py -> /home/venator/matsyota/build/matsyota_controller/build/lib/matsyota_controller
running install
running install_lib
creating /home/venator/matsyota/install/matsyota_controller/lib/python3.10/site-packages/matsyota_controller
copying /home/venator/matsyota/build/matsyota_controller/build/lib/matsyota_controller/matsyota_commander.py -> /home/venator/matsyota/install/matsyota_controller/lib/python3.10/site-packages/matsyota_controller
copying /home/venator/matsyota/build/matsyota_controller/build/lib/matsyota_controller/__init__.py -> /home/venator/matsyota/install/matsyota_controller/lib/python3.10/site-packages/matsyota_controller
byte-compiling /home/venator/matsyota/install/matsyota_controller/lib/python3.10/site-packages/matsyota_controller/matsyota_commander.py to matsyota_commander.cpython-310.pyc
byte-compiling /home/venator/matsyota/install/matsyota_controller/lib/python3.10/site-packages/matsyota_controller/__init__.py to __init__.cpython-310.pyc
running install_data
running install_egg_info
Copying ../../../build/matsyota_controller/matsyota_controller.egg-info to /home/venator/matsyota/install/matsyota_controller/lib/python3.10/site-packages/matsyota_controller-0.0.0-py3.10.egg-info
running install_scripts
Installing feed_dispersion_mapper script to /home/venator/matsyota/install/matsyota_controller/lib/matsyota_controller
Installing matsyota_commander script to /home/venator/matsyota/install/matsyota_controller/lib/matsyota_controller
writing list of installed files to '/home/venator/matsyota/build/matsyota_controller/install.log'
